#
# There is insufficient memory for the Java Runtime Environment to continue.
# Native memory allocation (mmap) failed to map 402653184 bytes for G1 virtual space
# Possible reasons:
#   The system is out of physical RAM or swap space
#   The process is running with CompressedOops enabled, and the Java Heap may be blocking the growth of the native heap
# Possible solutions:
#   Reduce memory load on the system
#   Increase physical memory or swap space
#   Check if swap backing store is full
#   Decrease Java heap size (-Xmx/-Xms)
#   Decrease number of Java threads
#   Decrease Java thread stack sizes (-Xss)
#   Set larger code cache with -XX:ReservedCodeCacheSize=
#   JVM is running with Zero Based Compressed Oops mode in which the Java heap is
#     placed in the first 32GB address space. The Java Heap base address is the
#     maximum limit for the native heap growth. Please use -XX:HeapBaseMinAddress
#     to set the Java Heap base and to place the Java Heap above 32GB virtual address.
# This output file may be truncated or incomplete.
#
#  Out of Memory Error (os_windows.cpp:3548), pid=39484, tid=1960
#
# JRE version:  (17.0.10+11) (build )
# Java VM: Java HotSpot(TM) 64-Bit Server VM (17.0.10+11-LTS-240, mixed mode, sharing, tiered, compressed oops, compressed class ptrs, g1 gc, windows-amd64)
# No core dump will be written. Minidumps are not enabled by default on client versions of Windows
#

---------------  S U M M A R Y ------------

Command Line: -Dclassworlds.conf=C:\Program Files\Java\apache-maven-3.9.6\bin\m2.conf -Dmaven.home=C:\Program Files\Java\apache-maven-3.9.6 -Dlibrary.jansi.path=C:\Program Files\Java\apache-maven-3.9.6\lib\jansi-native -Dmaven.multiModuleProjectDirectory=C:\Users\dti Digital\Desktop\PontoInteligente\ponto-inteligente org.codehaus.plexus.classworlds.launcher.Launcher spring-boot:run

Host: Intel(R) Core(TM) i5-10210U CPU @ 1.60GHz, 8 cores, 23G,  Windows 11 , 64 bit Build 22621 (10.0.22621.3235)
Time: Mon Mar 18 12:08:59 2024 Hora oficial do Brasil elapsed time: 0.040042 seconds (0d 0h 0m 0s)

---------------  T H R E A D  ---------------

Current thread (0x00000179a2fa8150):  JavaThread "Unknown thread" [_thread_in_vm, id=1960, stack(0x0000002cae700000,0x0000002cae800000)]

Stack: [0x0000002cae700000,0x0000002cae800000]
Native frames: (J=compiled Java code, j=interpreted, Vv=VM code, C=native code)
V  [jvm.dll+0x677a5a]
V  [jvm.dll+0x7d8b2d]
V  [jvm.dll+0x7da48e]
V  [jvm.dll+0x7daaf3]
V  [jvm.dll+0x2455ff]
V  [jvm.dll+0x6749b9]
V  [jvm.dll+0x669382]
V  [jvm.dll+0x302e96]
V  [jvm.dll+0x30a416]
V  [jvm.dll+0x359cbe]
V  [jvm.dll+0x359eef]
V  [jvm.dll+0x2d9e88]
V  [jvm.dll+0x2dadf4]
V  [jvm.dll+0x7aa551]
V  [jvm.dll+0x367911]
V  [jvm.dll+0x789639]
V  [jvm.dll+0x3eb30f]
V  [jvm.dll+0x3ecd91]
C  [jli.dll+0x5297]
C  [ucrtbase.dll+0x29363]
C  [KERNEL32.DLL+0x1257d]
C  [ntdll.dll+0x5aa58]


---------------  P R O C E S S  ---------------

Threads class SMR info:
_java_thread_list=0x00007fff5ba16a18, length=0, elements={
}

Java Threads: ( => current thread )

Other Threads:
  0x00000179a3030570 GCTaskThread "GC Thread#0" [stack: 0x0000002cae800000,0x0000002cae900000] [id=14028]
  0x00000179a303e310 ConcurrentGCThread "G1 Main Marker" [stack: 0x0000002cae900000,0x0000002caea00000] [id=24940]
  0x00000179a303f4c0 ConcurrentGCThread "G1 Conc#0" [stack: 0x0000002caea00000,0x0000002caeb00000] [id=36380]

[error occurred during error reporting (printing all threads), id 0xc0000005, EXCEPTION_ACCESS_VIOLATION (0xc0000005) at pc=0x00007fff5b24aae7]

VM state: not at safepoint (not fully initialized)

VM Mutex/Monitor currently owned by a thread:  ([mutex/lock_event])
[0x00000179a2fa28d0] Heap_lock - owner thread: 0x00000179a2fa8150

Heap address: 0x0000000683800000, size: 6088 MB, Compressed Oops mode: Zero based, Oop shift amount: 3

CDS archive(s) mapped at: [0x0000000000000000-0x0000000000000000-0x0000000000000000), size 0, SharedBaseAddress: 0x0000000800000000, ArchiveRelocationMode: 1.
Narrow klass base: 0x0000000000000000, Narrow klass shift: 0, Narrow klass range: 0x0

GC Precious Log:
<Empty>

Heap:
 garbage-first heap   total 0K, used 0K [0x0000000683800000, 0x0000000800000000)
  region size 4096K, 0 young (0K), 0 survivors (0K)

[error occurred during error reporting (printing heap information), id 0xc0000005, EXCEPTION_ACCESS_VIOLATION (0xc0000005) at pc=0x00007fff5b631249]

GC Heap History (0 events):
No events

Deoptimization events (0 events):
No events

Classes unloaded (0 events):
No events

Classes redefined (0 events):
No events

Internal exceptions (0 events):
No events

VM Operations (0 events):
No events

Events (1 events):
Event: 0.029 Loaded shared library C:\Program Files\Java\jdk-17\bin\java.dll


Dynamic libraries:
0x00007ff6c1a10000 - 0x00007ff6c1a20000 	C:\Program Files\Java\jdk-17\bin\java.exe
0x00007fffce8b0000 - 0x00007fffceac6000 	C:\Windows\SYSTEM32\ntdll.dll
0x00007fffccb50000 - 0x00007fffccc14000 	C:\Windows\System32\KERNEL32.DLL
0x00007fffcbde0000 - 0x00007fffcc186000 	C:\Windows\System32\KERNELBASE.dll
0x00007fffcb840000 - 0x00007fffcb960000 	C:\Windows\system32\hmpalert.dll
0x00007fffcc3c0000 - 0x00007fffcc4d1000 	C:\Windows\System32\ucrtbase.dll
0x00007fffb80c0000 - 0x00007fffb80d9000 	C:\Program Files\Java\jdk-17\bin\jli.dll
0x00007fffb75c0000 - 0x00007fffb75db000 	C:\Program Files\Java\jdk-17\bin\VCRUNTIME140.dll
0x00007fffcc600000 - 0x00007fffcc6b2000 	C:\Windows\System32\ADVAPI32.dll
0x00007fffce7c0000 - 0x00007fffce867000 	C:\Windows\System32\msvcrt.dll
0x00007fffccaa0000 - 0x00007fffccb48000 	C:\Windows\System32\sechost.dll
0x00007fffcc230000 - 0x00007fffcc258000 	C:\Windows\System32\bcrypt.dll
0x00007fffce440000 - 0x00007fffce555000 	C:\Windows\System32\RPCRT4.dll
0x00007fffce100000 - 0x00007fffce2ad000 	C:\Windows\System32\USER32.dll
0x00007fffcc190000 - 0x00007fffcc1b6000 	C:\Windows\System32\win32u.dll
0x00007fffce5e0000 - 0x00007fffce609000 	C:\Windows\System32\GDI32.dll
0x00007fffb58c0000 - 0x00007fffb5b53000 	C:\Windows\WinSxS\amd64_microsoft.windows.common-controls_6595b64144ccf1df_6.0.22621.3235_none_270f74e173860f98\COMCTL32.dll
0x00007fffcc4e0000 - 0x00007fffcc5f8000 	C:\Windows\System32\gdi32full.dll
0x00007fffcc320000 - 0x00007fffcc3ba000 	C:\Windows\System32\msvcp_win.dll
0x00007fffc4470000 - 0x00007fffc447a000 	C:\Windows\SYSTEM32\VERSION.dll
0x00007fffce350000 - 0x00007fffce381000 	C:\Windows\System32\IMM32.DLL
0x00007fffb8c80000 - 0x00007fffb8c8c000 	C:\Program Files\Java\jdk-17\bin\vcruntime140_1.dll
0x00007fff78270000 - 0x00007fff782fe000 	C:\Program Files\Java\jdk-17\bin\msvcp140.dll
0x00007fff5af60000 - 0x00007fff5bb3f000 	C:\Program Files\Java\jdk-17\bin\server\jvm.dll
0x00007fffcca90000 - 0x00007fffcca98000 	C:\Windows\System32\PSAPI.DLL
0x00007fffc23c0000 - 0x00007fffc23f4000 	C:\Windows\SYSTEM32\WINMM.dll
0x00007fffb8750000 - 0x00007fffb8759000 	C:\Windows\SYSTEM32\WSOCK32.dll
0x00007fffccd80000 - 0x00007fffccdf1000 	C:\Windows\System32\WS2_32.dll
0x00007fffcaad0000 - 0x00007fffcaae8000 	C:\Windows\SYSTEM32\kernel.appcore.dll
0x00007fffb8940000 - 0x00007fffb894a000 	C:\Program Files\Java\jdk-17\bin\jimage.dll
0x00007fffc14c0000 - 0x00007fffc16f3000 	C:\Windows\SYSTEM32\DBGHELP.DLL
0x00007fffcdd70000 - 0x00007fffce0f8000 	C:\Windows\System32\combase.dll
0x00007fffcdc90000 - 0x00007fffcdd67000 	C:\Windows\System32\OLEAUT32.dll
0x00007fffb8d60000 - 0x00007fffb8d92000 	C:\Windows\SYSTEM32\dbgcore.DLL
0x00007fffcbd60000 - 0x00007fffcbdda000 	C:\Windows\System32\bcryptPrimitives.dll
0x00007fffb7590000 - 0x00007fffb75b5000 	C:\Program Files\Java\jdk-17\bin\java.dll

dbghelp: loaded successfully - version: 4.0.5 - missing functions: none
symbol engine: initialized successfully - sym options: 0x614 - pdb path: .;C:\Program Files\Java\jdk-17\bin;C:\Windows\SYSTEM32;C:\Windows\WinSxS\amd64_microsoft.windows.common-controls_6595b64144ccf1df_6.0.22621.3235_none_270f74e173860f98;C:\Program Files\Java\jdk-17\bin\server

VM Arguments:
jvm_args: -Dclassworlds.conf=C:\Program Files\Java\apache-maven-3.9.6\bin\m2.conf -Dmaven.home=C:\Program Files\Java\apache-maven-3.9.6 -Dlibrary.jansi.path=C:\Program Files\Java\apache-maven-3.9.6\lib\jansi-native -Dmaven.multiModuleProjectDirectory=C:\Users\dti Digital\Desktop\PontoInteligente\ponto-inteligente 
java_command: org.codehaus.plexus.classworlds.launcher.Launcher spring-boot:run
java_class_path (initial): C:\Program Files\Java\apache-maven-3.9.6\boot\plexus-classworlds-2.7.0.jar
Launcher Type: SUN_STANDARD

[Global flags]
     intx CICompilerCount                          = 4                                         {product} {ergonomic}
     uint ConcGCThreads                            = 2                                         {product} {ergonomic}
     uint G1ConcRefinementThreads                  = 8                                         {product} {ergonomic}
   size_t G1HeapRegionSize                         = 4194304                                   {product} {ergonomic}
    uintx GCDrainStackTargetSize                   = 64                                        {product} {ergonomic}
   size_t InitialHeapSize                          = 402653184                                 {product} {ergonomic}
   size_t MarkStackSize                            = 4194304                                   {product} {ergonomic}
   size_t MaxHeapSize                              = 6383730688                                {product} {ergonomic}
   size_t MinHeapDeltaBytes                        = 4194304                                   {product} {ergonomic}
   size_t MinHeapSize                              = 8388608                                   {product} {ergonomic}
    uintx NonNMethodCodeHeapSize                   = 5839372                                {pd product} {ergonomic}
    uintx NonProfiledCodeHeapSize                  = 122909434                              {pd product} {ergonomic}
    uintx ProfiledCodeHeapSize                     = 122909434                              {pd product} {ergonomic}
    uintx ReservedCodeCacheSize                    = 251658240                              {pd product} {ergonomic}
     bool SegmentedCodeCache                       = true                                      {product} {ergonomic}
   size_t SoftMaxHeapSize                          = 6383730688                             {manageable} {ergonomic}
     bool UseCompressedClassPointers               = true                           {product lp64_product} {ergonomic}
     bool UseCompressedOops                        = true                           {product lp64_product} {ergonomic}
     bool UseG1GC                                  = true                                      {product} {ergonomic}
     bool UseLargePagesIndividualAllocation        = false                                  {pd product} {ergonomic}

Logging:
Log output configuration:
 #0: stdout all=warning uptime,level,tags
 #1: stderr all=off uptime,level,tags

Environment Variables:
JAVA_HOME=C:\Program Files\Java\jdk-17
PATH=C:\Program Files\Java\jdk-17\bin;C:\Program Files\Java\jdk-17\bin;C:\Program Files\Common Files\Oracle\Java\javapath;C:\Program Files (x86)\Common Files\Oracle\Java\javapath;C:\Program Files\Java\jdk-17\bin\javaw.exe;C:\Windows\system32;C:\Windows;C:\Windows\System32\Wbem;C:\Windows\System32\WindowsPowerShell\v1.0\;C:\Windows\System32\OpenSSH\;C:\Program Files\dotnet\;C:\Program Files\Git\cmd;C:\Program Files\Java\apache-maven-3.9.6\bin;C:\PROGRA~1\Red Gate\Flyway Desktop\;C:\Program Files\MySQL\MySQL Shell 8.0\bin\;C:\Users\dti Digital\AppData\Local\Microsoft\WindowsApps;C:\Users\dti Digital\AppData\Local\Programs\Microsoft VS Code\bin;C:\Program Files\Java\jdk-1.8\bin;C:\Program Files\Java\apache-maven-3.9.6\bin;
USERNAME=dti Digital
LANG=en_US.UTF-8
OS=Windows_NT
PROCESSOR_IDENTIFIER=Intel64 Family 6 Model 142 Stepping 12, GenuineIntel



---------------  S Y S T E M  ---------------

OS:
 Windows 11 , 64 bit Build 22621 (10.0.22621.3235)
OS uptime: 4 days 3:12 hours
Hyper-V role detected

CPU: total 8 (initial active 8) (4 cores per cpu, 2 threads per core) family 6 model 142 stepping 12 microcode 0xf8, cx8, cmov, fxsr, ht, mmx, 3dnowpref, sse, sse2, sse3, ssse3, sse4.1, sse4.2, popcnt, lzcnt, tsc, tscinvbit, avx, avx2, aes, erms, clmul, bmi1, bmi2, adx, fma, vzeroupper, clflush, clflushopt, hv

Memory: 4k page, system-wide physical 24336M (2111M free)
TotalPageFile size 54760M (AvailPageFile size 341M)
current process WorkingSet (physical memory assigned to process): 11M, peak: 11M
current process commit charge ("private bytes"): 62M, peak: 446M

vm_info: Java HotSpot(TM) 64-Bit Server VM (17.0.10+11-LTS-240) for windows-amd64 JRE (17.0.10+11-LTS-240), built on Dec 19 2023 21:47:25 by "mach5one" with MS VC++ 17.1 (VS2022)

END.
