#
# There is insufficient memory for the Java Runtime Environment to continue.
# Native memory allocation (malloc) failed to allocate 1048576 bytes for AllocateHeap
# Possible reasons:
#   The system is out of physical RAM or swap space
#   The process is running with CompressedOops enabled, and the Java Heap may be blocking the growth of the native heap
# Possible solutions:
#   Reduce memory load on the system
#   Increase physical memory or swap space
#   Check if swap backing store is full
#   Decrease Java heap size (-Xmx/-Xms)
#   Decrease number of Java threads
#   Decrease Java thread stack sizes (-Xss)
#   Set larger code cache with -XX:ReservedCodeCacheSize=
#   JVM is running with Unscaled Compressed Oops mode in which the Java heap is
#     placed in the first 4GB address space. The Java Heap base address is the
#     maximum limit for the native heap growth. Please use -XX:HeapBaseMinAddress
#     to set the Java Heap base and to place the Java Heap above 4GB virtual address.
# This output file may be truncated or incomplete.
#
#  Out of Memory Error (allocation.cpp:44), pid=29960, tid=26596
#
# JRE version: OpenJDK Runtime Environment Temurin-17.0.10+7 (17.0.10+7) (build 17.0.10+7)
# Java VM: OpenJDK 64-Bit Server VM Temurin-17.0.10+7 (17.0.10+7, mixed mode, emulated-client, tiered, compressed oops, compressed class ptrs, g1 gc, windows-amd64)
# No core dump will be written. Minidumps are not enabled by default on client versions of Windows
#

---------------  S U M M A R Y ------------

Command Line: -XX:+HeapDumpOnOutOfMemoryError -Xmx1024m -Dsts.lsp.client=vscode -Dsts.log.file=/dev/null -XX:TieredStopAtLevel=1 -Xlog:jni+resolve=off -Dspring.config.location=file:c:\Users\dti Digital\.vscode\extensions\vmware.vscode-spring-boot-1.53.0\language-server\BOOT-INF\classes\application.properties org.springframework.ide.vscode.boot.app.BootLanguageServerBootApp

Host: Intel(R) Core(TM) i5-10210U CPU @ 1.60GHz, 8 cores, 23G,  Windows 11 , 64 bit Build 22621 (10.0.22621.3235)
Time: Mon Mar 18 11:22:22 2024 Hora oficial do Brasil elapsed time: 7581.226128 seconds (0d 2h 6m 21s)

---------------  T H R E A D  ---------------

Current thread (0x00000232d64087b0):  VMThread "VM Thread" [stack: 0x00000080d6a00000,0x00000080d6b00000] [id=26596]

Stack: [0x00000080d6a00000,0x00000080d6b00000]
Native frames: (J=compiled Java code, j=interpreted, Vv=VM code, C=native code)
V  [jvm.dll+0x67d2c9]
V  [jvm.dll+0x834afa]
V  [jvm.dll+0x8365be]
V  [jvm.dll+0x836c23]
V  [jvm.dll+0x2477ff]
V  [jvm.dll+0xa6c93]
V  [jvm.dll+0x2f8663]
V  [jvm.dll+0x2f42e0]
V  [jvm.dll+0x2dc8c7]
V  [jvm.dll+0x31fb87]
V  [jvm.dll+0x83b11b]
V  [jvm.dll+0x83be61]
V  [jvm.dll+0x83c37d]
V  [jvm.dll+0x83c754]
V  [jvm.dll+0x83c820]
V  [jvm.dll+0x7e3fba]
V  [jvm.dll+0x67c1b5]
C  [ucrtbase.dll+0x29363]
C  [KERNEL32.DLL+0x1257d]
C  [ntdll.dll+0x5aa58]

VM_Operation (0x00000080d82feb80): G1CollectFull, mode: safepoint, requested by thread 0x00000232dc3b6020


---------------  P R O C E S S  ---------------

Threads class SMR info:
_java_thread_list=0x00000232dccfce10, length=27, elements={
0x00000232d64b4380, 0x00000232d640a970, 0x00000232d641b210, 0x00000232d641bda0,
0x00000232d641d680, 0x00000232d641df50, 0x00000232d641e8d0, 0x00000232d64ecbd0,
0x00000232d66e1bd0, 0x00000232d66e9550, 0x00000232dbd5b090, 0x00000232dc3b6020,
0x00000232db8b8720, 0x00000232c95dd040, 0x00000232dc0a1850, 0x00000232dc4e33d0,
0x00000232dc4ee5a0, 0x00000232dc4ed670, 0x00000232dc4edb80, 0x00000232dc4eeab0,
0x00000232dc51e000, 0x00000232dc524f60, 0x00000232dc51f440, 0x00000232dc51ef30,
0x00000232dc523100, 0x00000232dc51f950, 0x00000232dc51fe60
}

Java Threads: ( => current thread )
  0x00000232d64b4380 JavaThread "Reference Handler" daemon [_thread_blocked, id=3964, stack(0x00000080d6b00000,0x00000080d6c00000)]
  0x00000232d640a970 JavaThread "Finalizer" daemon [_thread_blocked, id=27756, stack(0x00000080d6c00000,0x00000080d6d00000)]
  0x00000232d641b210 JavaThread "Signal Dispatcher" daemon [_thread_blocked, id=20140, stack(0x00000080d6d00000,0x00000080d6e00000)]
  0x00000232d641bda0 JavaThread "Attach Listener" daemon [_thread_blocked, id=21812, stack(0x00000080d6e00000,0x00000080d6f00000)]
  0x00000232d641d680 JavaThread "Service Thread" daemon [_thread_blocked, id=31988, stack(0x00000080d6f00000,0x00000080d7000000)]
  0x00000232d641df50 JavaThread "Monitor Deflation Thread" daemon [_thread_blocked, id=9844, stack(0x00000080d7000000,0x00000080d7100000)]
  0x00000232d641e8d0 JavaThread "C1 CompilerThread0" daemon [_thread_blocked, id=33128, stack(0x00000080d7100000,0x00000080d7200000)]
  0x00000232d64ecbd0 JavaThread "Sweeper thread" daemon [_thread_blocked, id=21024, stack(0x00000080d7200000,0x00000080d7300000)]
  0x00000232d66e1bd0 JavaThread "Notification Thread" daemon [_thread_blocked, id=33132, stack(0x00000080d7400000,0x00000080d7500000)]
  0x00000232d66e9550 JavaThread "Common-Cleaner" daemon [_thread_blocked, id=23432, stack(0x00000080d7600000,0x00000080d7700000)]
  0x00000232dbd5b090 JavaThread "boundedElastic-evictor-1" daemon [_thread_blocked, id=22508, stack(0x00000080d8100000,0x00000080d8200000)]
  0x00000232dc3b6020 JavaThread "pool-13-thread-1" [_thread_blocked, id=39708, stack(0x00000080d8200000,0x00000080d8300000)]
  0x00000232db8b8720 JavaThread "LanguageServerApp-lifecycle" [_thread_blocked, id=4980, stack(0x00000080d8300000,0x00000080d8400000)]
  0x00000232c95dd040 JavaThread "DestroyJavaVM" [_thread_blocked, id=5584, stack(0x00000080d6400000,0x00000080d6500000)]
  0x00000232dc0a1850 JavaThread "pool-14-thread-1" [_thread_in_native, id=12716, stack(0x00000080d8400000,0x00000080d8500000)]
  0x00000232dc4e33d0 JavaThread "Simple-Language-Server main thread" daemon [_thread_blocked, id=22724, stack(0x00000080d8500000,0x00000080d8600000)]
  0x00000232dc4ee5a0 JavaThread "pool-8-thread-1" [_thread_blocked, id=20504, stack(0x00000080d8900000,0x00000080d8a00000)]
  0x00000232dc4ed670 JavaThread "parallel-1" daemon [_thread_blocked, id=21120, stack(0x00000080d8a00000,0x00000080d8b00000)]
  0x00000232dc4edb80 JavaThread "parallel-2" daemon [_thread_blocked, id=36244, stack(0x00000080d8b00000,0x00000080d8c00000)]
  0x00000232dc4eeab0 JavaThread "pool-6-thread-1" [_thread_blocked, id=13068, stack(0x00000080d8c00000,0x00000080d8d00000)]
  0x00000232dc51e000 JavaThread "parallel-3" daemon [_thread_blocked, id=1548, stack(0x00000080d8d00000,0x00000080d8e00000)]
  0x00000232dc524f60 JavaThread "parallel-4" daemon [_thread_blocked, id=27700, stack(0x00000080d8e00000,0x00000080d8f00000)]
  0x00000232dc51f440 JavaThread "parallel-5" daemon [_thread_blocked, id=29756, stack(0x00000080d8f00000,0x00000080d9000000)]
  0x00000232dc51ef30 JavaThread "parallel-6" daemon [_thread_blocked, id=19980, stack(0x00000080d9600000,0x00000080d9700000)]
  0x00000232dc523100 JavaThread "parallel-7" daemon [_thread_blocked, id=8312, stack(0x00000080d9700000,0x00000080d9800000)]
  0x00000232dc51f950 JavaThread "parallel-8" daemon [_thread_blocked, id=11296, stack(0x00000080d9800000,0x00000080d9900000)]
  0x00000232dc51fe60 JavaThread "Reconciler-1" daemon [_thread_blocked, id=3160, stack(0x00000080d9900000,0x00000080d9a00000)]

Other Threads:
=>0x00000232d64087b0 VMThread "VM Thread" [stack: 0x00000080d6a00000,0x00000080d6b00000] [id=26596]
  0x00000232d66e24c0 WatcherThread [stack: 0x00000080d7500000,0x00000080d7600000] [id=28500]
  0x00000232c961c390 GCTaskThread "GC Thread#0" [stack: 0x00000080d6500000,0x00000080d6600000] [id=38052]
  0x00000232d681ecd0 GCTaskThread "GC Thread#1" [stack: 0x00000080d7700000,0x00000080d7800000] [id=13116]
  0x00000232d65a1f50 GCTaskThread "GC Thread#2" [stack: 0x00000080d7800000,0x00000080d7900000] [id=6384]
  0x00000232d65a2210 GCTaskThread "GC Thread#3" [stack: 0x00000080d7900000,0x00000080d7a00000] [id=34640]
  0x00000232d65a24d0 GCTaskThread "GC Thread#4" [stack: 0x00000080d7a00000,0x00000080d7b00000] [id=14484]
  0x00000232d65a2790 GCTaskThread "GC Thread#5" [stack: 0x00000080d7b00000,0x00000080d7c00000] [id=7876]
  0x00000232d65a2a50 GCTaskThread "GC Thread#6" [stack: 0x00000080d7c00000,0x00000080d7d00000] [id=6168]
  0x00000232dba0b440 GCTaskThread "GC Thread#7" [stack: 0x00000080d7d00000,0x00000080d7e00000] [id=15712]
  0x00000232c96251f0 ConcurrentGCThread "G1 Main Marker" [stack: 0x00000080d6600000,0x00000080d6700000] [id=30736]
  0x00000232c9625b20 ConcurrentGCThread "G1 Conc#0" [stack: 0x00000080d6700000,0x00000080d6800000] [id=25712]
  0x00000232dbd99a10 ConcurrentGCThread "G1 Conc#1" [stack: 0x00000080d8000000,0x00000080d8100000] [id=37900]
  0x00000232c967eb80 ConcurrentGCThread "G1 Refine#0" [stack: 0x00000080d6800000,0x00000080d6900000] [id=608]
  0x00000232d62f9b50 ConcurrentGCThread "G1 Service" [stack: 0x00000080d6900000,0x00000080d6a00000] [id=35448]

Threads with active compile tasks:

VM state: at safepoint (normal execution)

VM Mutex/Monitor currently owned by a thread:  ([mutex/lock_event])
[0x00000232c90b31f0] Threads_lock - owner thread: 0x00000232d64087b0
[0x00000232c90ad9c0] Heap_lock - owner thread: 0x00000232dc3b6020

Heap address: 0x00000000c0000000, size: 1024 MB, Compressed Oops mode: 32-bit

CDS archive(s) not mapped
Compressed class space mapped at: 0x0000000100000000-0x0000000140000000, reserved size: 1073741824
Narrow klass base: 0x0000000000000000, Narrow klass shift: 3, Narrow klass range: 0x140000000

GC Precious Log:
 CPUs: 8 total, 8 available
 Memory: 24336M
 Large Page Support: Disabled
 NUMA Support: Disabled
 Compressed Oops: Enabled (32-bit)
 Heap Region Size: 1M
 Heap Min Capacity: 8M
 Heap Initial Capacity: 382M
 Heap Max Capacity: 1G
 Pre-touch: Disabled
 Parallel Workers: 8
 Concurrent Workers: 2
 Concurrent Refinement Workers: 8
 Periodic GC: Disabled

Heap:
 garbage-first heap   total 112640K, used 41102K [0x00000000c0000000, 0x0000000100000000)
  region size 1024K, 1 young (1024K), 0 survivors (0K)
 Metaspace       used 60320K, committed 60800K, reserved 1114112K
  class space    used 7540K, committed 7744K, reserved 1048576K

Heap Regions: E=young(eden), S=young(survivor), O=old, HS=humongous(starts), HC=humongous(continues), CS=collection set, F=free, OA=open archive, CA=closed archive, TAMS=top-at-mark-start (previous, next)
|   0|0x00000000c0000000, 0x00000000c0100000, 0x00000000c0100000|100%|HS|  |TAMS 0x00000000c0100000, 0x00000000c0000000| Untracked 
|   1|0x00000000c0100000, 0x00000000c0200000, 0x00000000c0200000|100%|HC|  |TAMS 0x00000000c0200000, 0x00000000c0100000| Untracked 
|   2|0x00000000c0200000, 0x00000000c0300000, 0x00000000c0300000|100%|HC|  |TAMS 0x00000000c0300000, 0x00000000c0200000| Untracked 
|   3|0x00000000c0300000, 0x00000000c0400000, 0x00000000c0400000|100%|HC|  |TAMS 0x00000000c0400000, 0x00000000c0300000| Untracked 
|   4|0x00000000c0400000, 0x00000000c0500000, 0x00000000c0500000|100%|HS|  |TAMS 0x00000000c0500000, 0x00000000c0400000| Untracked 
|   5|0x00000000c0500000, 0x00000000c0600000, 0x00000000c0600000|100%|HC|  |TAMS 0x00000000c0600000, 0x00000000c0500000| Untracked 
|   6|0x00000000c0600000, 0x00000000c06ffff8, 0x00000000c0700000| 99%| O|  |TAMS 0x00000000c06ffff8, 0x00000000c0600000| Untracked 
|   7|0x00000000c0700000, 0x00000000c07f8f60, 0x00000000c0800000| 97%| O|  |TAMS 0x00000000c07f8f60, 0x00000000c0700000| Untracked 
|   8|0x00000000c0800000, 0x00000000c08ff930, 0x00000000c0900000| 99%| O|  |TAMS 0x00000000c08ff930, 0x00000000c0800000| Untracked 
|   9|0x00000000c0900000, 0x00000000c0a00000, 0x00000000c0a00000|100%| O|  |TAMS 0x00000000c0a00000, 0x00000000c0900000| Untracked 
|  10|0x00000000c0a00000, 0x00000000c0affff0, 0x00000000c0b00000| 99%| O|  |TAMS 0x00000000c0affff0, 0x00000000c0a00000| Untracked 
|  11|0x00000000c0b00000, 0x00000000c0c00000, 0x00000000c0c00000|100%| O|  |TAMS 0x00000000c0c00000, 0x00000000c0b00000| Untracked 
|  12|0x00000000c0c00000, 0x00000000c0d00000, 0x00000000c0d00000|100%| O|  |TAMS 0x00000000c0d00000, 0x00000000c0c00000| Untracked 
|  13|0x00000000c0d00000, 0x00000000c0e00000, 0x00000000c0e00000|100%| O|  |TAMS 0x00000000c0e00000, 0x00000000c0d00000| Untracked 
|  14|0x00000000c0e00000, 0x00000000c0f00000, 0x00000000c0f00000|100%| O|  |TAMS 0x00000000c0f00000, 0x00000000c0e00000| Untracked 
|  15|0x00000000c0f00000, 0x00000000c0fffff0, 0x00000000c1000000| 99%| O|  |TAMS 0x00000000c0fffff0, 0x00000000c0f00000| Untracked 
|  16|0x00000000c1000000, 0x00000000c1100000, 0x00000000c1100000|100%| O|  |TAMS 0x00000000c1100000, 0x00000000c1000000| Untracked 
|  17|0x00000000c1100000, 0x00000000c1200000, 0x00000000c1200000|100%| O|  |TAMS 0x00000000c1200000, 0x00000000c1100000| Untracked 
|  18|0x00000000c1200000, 0x00000000c12ffff8, 0x00000000c1300000| 99%| O|  |TAMS 0x00000000c12ffff8, 0x00000000c1200000| Untracked 
|  19|0x00000000c1300000, 0x00000000c13fffe8, 0x00000000c1400000| 99%| O|  |TAMS 0x00000000c13fffe8, 0x00000000c1300000| Untracked 
|  20|0x00000000c1400000, 0x00000000c14fc7c8, 0x00000000c1500000| 98%| O|  |TAMS 0x00000000c14fc7c8, 0x00000000c1400000| Untracked 
|  21|0x00000000c1500000, 0x00000000c15fffd8, 0x00000000c1600000| 99%| O|  |TAMS 0x00000000c15fffd8, 0x00000000c1500000| Untracked 
|  22|0x00000000c1600000, 0x00000000c16ffff8, 0x00000000c1700000| 99%| O|  |TAMS 0x00000000c16ffff8, 0x00000000c1600000| Untracked 
|  23|0x00000000c1700000, 0x00000000c17ffff8, 0x00000000c1800000| 99%| O|  |TAMS 0x00000000c17ffff8, 0x00000000c1700000| Untracked 
|  24|0x00000000c1800000, 0x00000000c18ffff0, 0x00000000c1900000| 99%| O|  |TAMS 0x00000000c18ffff0, 0x00000000c1800000| Untracked 
|  25|0x00000000c1900000, 0x00000000c19ffff0, 0x00000000c1a00000| 99%| O|  |TAMS 0x00000000c19ffff0, 0x00000000c1900000| Untracked 
|  26|0x00000000c1a00000, 0x00000000c1affff0, 0x00000000c1b00000| 99%| O|  |TAMS 0x00000000c1affff0, 0x00000000c1a00000| Untracked 
|  27|0x00000000c1b00000, 0x00000000c1bfffc0, 0x00000000c1c00000| 99%| O|  |TAMS 0x00000000c1bfffc0, 0x00000000c1b00000| Untracked 
|  28|0x00000000c1c00000, 0x00000000c1cfffe8, 0x00000000c1d00000| 99%| O|  |TAMS 0x00000000c1cfffe8, 0x00000000c1c00000| Untracked 
|  29|0x00000000c1d00000, 0x00000000c1dffff0, 0x00000000c1e00000| 99%| O|  |TAMS 0x00000000c1dffff0, 0x00000000c1d00000| Untracked 
|  30|0x00000000c1e00000, 0x00000000c1efa9a8, 0x00000000c1f00000| 97%| O|  |TAMS 0x00000000c1efa9a8, 0x00000000c1e00000| Untracked 
|  31|0x00000000c1f00000, 0x00000000c1ffffb8, 0x00000000c2000000| 99%| O|  |TAMS 0x00000000c1ffffb8, 0x00000000c1f00000| Untracked 
|  32|0x00000000c2000000, 0x00000000c2100000, 0x00000000c2100000|100%| O|  |TAMS 0x00000000c2100000, 0x00000000c2000000| Untracked 
|  33|0x00000000c2100000, 0x00000000c21fffd8, 0x00000000c2200000| 99%| O|  |TAMS 0x00000000c21fffd8, 0x00000000c2100000| Untracked 
|  34|0x00000000c2200000, 0x00000000c22f8510, 0x00000000c2300000| 96%| O|  |TAMS 0x00000000c22f8510, 0x00000000c2200000| Untracked 
|  35|0x00000000c2300000, 0x00000000c23fffb8, 0x00000000c2400000| 99%| O|  |TAMS 0x00000000c23fffb8, 0x00000000c2300000| Untracked 
|  36|0x00000000c2400000, 0x00000000c24d90f8, 0x00000000c2500000| 84%| O|  |TAMS 0x00000000c2400000, 0x00000000c2400000| Untracked 
|  37|0x00000000c2500000, 0x00000000c2600000, 0x00000000c2600000|100%|HS|  |TAMS 0x00000000c2600000, 0x00000000c2500000| Untracked 
|  38|0x00000000c2600000, 0x00000000c2662b68, 0x00000000c2700000| 38%| O|  |TAMS 0x00000000c2600000, 0x00000000c2600000| Untracked 
|  39|0x00000000c2700000, 0x00000000c2700000, 0x00000000c2800000|  0%| F|  |TAMS 0x00000000c2700000, 0x00000000c2700000| Untracked 
|  40|0x00000000c2800000, 0x00000000c2800000, 0x00000000c2900000|  0%| F|  |TAMS 0x00000000c2800000, 0x00000000c2800000| Untracked 
|  41|0x00000000c2900000, 0x00000000c2a00000, 0x00000000c2a00000|100%| O|  |TAMS 0x00000000c2a00000, 0x00000000c2900000| Untracked 
|  42|0x00000000c2a00000, 0x00000000c2b00000, 0x00000000c2b00000|100%| O|  |TAMS 0x00000000c2b00000, 0x00000000c2a00000| Untracked 
|  43|0x00000000c2b00000, 0x00000000c2b00000, 0x00000000c2c00000|  0%| F|  |TAMS 0x00000000c2b00000, 0x00000000c2b00000| Untracked 
|  44|0x00000000c2c00000, 0x00000000c2c00000, 0x00000000c2d00000|  0%| F|  |TAMS 0x00000000c2c00000, 0x00000000c2c00000| Untracked 
|  45|0x00000000c2d00000, 0x00000000c2d00000, 0x00000000c2e00000|  0%| F|  |TAMS 0x00000000c2d00000, 0x00000000c2d00000| Untracked 
|  46|0x00000000c2e00000, 0x00000000c2e00000, 0x00000000c2f00000|  0%| F|  |TAMS 0x00000000c2e00000, 0x00000000c2e00000| Untracked 
|  47|0x00000000c2f00000, 0x00000000c2f00000, 0x00000000c3000000|  0%| F|  |TAMS 0x00000000c2f00000, 0x00000000c2f00000| Untracked 
|  48|0x00000000c3000000, 0x00000000c3000000, 0x00000000c3100000|  0%| F|  |TAMS 0x00000000c3000000, 0x00000000c3000000| Untracked 
|  49|0x00000000c3100000, 0x00000000c3100000, 0x00000000c3200000|  0%| F|  |TAMS 0x00000000c3100000, 0x00000000c3100000| Untracked 
|  50|0x00000000c3200000, 0x00000000c3200000, 0x00000000c3300000|  0%| F|  |TAMS 0x00000000c3200000, 0x00000000c3200000| Untracked 
|  51|0x00000000c3300000, 0x00000000c3300000, 0x00000000c3400000|  0%| F|  |TAMS 0x00000000c3300000, 0x00000000c3300000| Untracked 
|  52|0x00000000c3400000, 0x00000000c3400000, 0x00000000c3500000|  0%| F|  |TAMS 0x00000000c3400000, 0x00000000c3400000| Untracked 
|  53|0x00000000c3500000, 0x00000000c3500000, 0x00000000c3600000|  0%| F|  |TAMS 0x00000000c3500000, 0x00000000c3500000| Untracked 
|  54|0x00000000c3600000, 0x00000000c3600000, 0x00000000c3700000|  0%| F|  |TAMS 0x00000000c3600000, 0x00000000c3600000| Untracked 
|  55|0x00000000c3700000, 0x00000000c3700000, 0x00000000c3800000|  0%| F|  |TAMS 0x00000000c3700000, 0x00000000c3700000| Untracked 
|  56|0x00000000c3800000, 0x00000000c3800000, 0x00000000c3900000|  0%| F|  |TAMS 0x00000000c3800000, 0x00000000c3800000| Untracked 
|  57|0x00000000c3900000, 0x00000000c3900000, 0x00000000c3a00000|  0%| F|  |TAMS 0x00000000c3900000, 0x00000000c3900000| Untracked 
|  58|0x00000000c3a00000, 0x00000000c3a00000, 0x00000000c3b00000|  0%| F|  |TAMS 0x00000000c3a00000, 0x00000000c3a00000| Untracked 
|  59|0x00000000c3b00000, 0x00000000c3b00000, 0x00000000c3c00000|  0%| F|  |TAMS 0x00000000c3b00000, 0x00000000c3b00000| Untracked 
|  60|0x00000000c3c00000, 0x00000000c3c00000, 0x00000000c3d00000|  0%| F|  |TAMS 0x00000000c3c00000, 0x00000000c3c00000| Untracked 
|  61|0x00000000c3d00000, 0x00000000c3d00000, 0x00000000c3e00000|  0%| F|  |TAMS 0x00000000c3d00000, 0x00000000c3d00000| Untracked 
|  62|0x00000000c3e00000, 0x00000000c3e00000, 0x00000000c3f00000|  0%| F|  |TAMS 0x00000000c3e00000, 0x00000000c3e00000| Untracked 
|  63|0x00000000c3f00000, 0x00000000c3f00000, 0x00000000c4000000|  0%| F|  |TAMS 0x00000000c3f00000, 0x00000000c3f00000| Untracked 
|  64|0x00000000c4000000, 0x00000000c4000000, 0x00000000c4100000|  0%| F|  |TAMS 0x00000000c4000000, 0x00000000c4000000| Untracked 
|  65|0x00000000c4100000, 0x00000000c4100000, 0x00000000c4200000|  0%| F|  |TAMS 0x00000000c4100000, 0x00000000c4100000| Untracked 
|  66|0x00000000c4200000, 0x00000000c4200000, 0x00000000c4300000|  0%| F|  |TAMS 0x00000000c4200000, 0x00000000c4200000| Untracked 
|  67|0x00000000c4300000, 0x00000000c4300000, 0x00000000c4400000|  0%| F|  |TAMS 0x00000000c4300000, 0x00000000c4300000| Untracked 
|  68|0x00000000c4400000, 0x00000000c4400000, 0x00000000c4500000|  0%| F|  |TAMS 0x00000000c4400000, 0x00000000c4400000| Untracked 
|  69|0x00000000c4500000, 0x00000000c4500000, 0x00000000c4600000|  0%| F|  |TAMS 0x00000000c4500000, 0x00000000c4500000| Untracked 
|  70|0x00000000c4600000, 0x00000000c4600000, 0x00000000c4700000|  0%| F|  |TAMS 0x00000000c4600000, 0x00000000c4600000| Untracked 
|  71|0x00000000c4700000, 0x00000000c4700000, 0x00000000c4800000|  0%| F|  |TAMS 0x00000000c4700000, 0x00000000c4700000| Untracked 
|  72|0x00000000c4800000, 0x00000000c4800000, 0x00000000c4900000|  0%| F|  |TAMS 0x00000000c4800000, 0x00000000c4800000| Untracked 
|  73|0x00000000c4900000, 0x00000000c4900000, 0x00000000c4a00000|  0%| F|  |TAMS 0x00000000c4900000, 0x00000000c4900000| Untracked 
|  74|0x00000000c4a00000, 0x00000000c4a00000, 0x00000000c4b00000|  0%| F|  |TAMS 0x00000000c4a00000, 0x00000000c4a00000| Untracked 
|  75|0x00000000c4b00000, 0x00000000c4b00000, 0x00000000c4c00000|  0%| F|  |TAMS 0x00000000c4b00000, 0x00000000c4b00000| Untracked 
|  76|0x00000000c4c00000, 0x00000000c4c00000, 0x00000000c4d00000|  0%| F|  |TAMS 0x00000000c4c00000, 0x00000000c4c00000| Untracked 
|  77|0x00000000c4d00000, 0x00000000c4d00000, 0x00000000c4e00000|  0%| F|  |TAMS 0x00000000c4d00000, 0x00000000c4d00000| Untracked 
|  78|0x00000000c4e00000, 0x00000000c4e00000, 0x00000000c4f00000|  0%| F|  |TAMS 0x00000000c4e00000, 0x00000000c4e00000| Untracked 
|  79|0x00000000c4f00000, 0x00000000c4f00000, 0x00000000c5000000|  0%| F|  |TAMS 0x00000000c4f00000, 0x00000000c4f00000| Untracked 
|  80|0x00000000c5000000, 0x00000000c5000000, 0x00000000c5100000|  0%| F|  |TAMS 0x00000000c5000000, 0x00000000c5000000| Untracked 
|  81|0x00000000c5100000, 0x00000000c5100000, 0x00000000c5200000|  0%| F|  |TAMS 0x00000000c5100000, 0x00000000c5100000| Untracked 
|  82|0x00000000c5200000, 0x00000000c5200000, 0x00000000c5300000|  0%| F|  |TAMS 0x00000000c5200000, 0x00000000c5200000| Untracked 
|  83|0x00000000c5300000, 0x00000000c5300000, 0x00000000c5400000|  0%| F|  |TAMS 0x00000000c5300000, 0x00000000c5300000| Untracked 
|  84|0x00000000c5400000, 0x00000000c5400000, 0x00000000c5500000|  0%| F|  |TAMS 0x00000000c5400000, 0x00000000c5400000| Untracked 
|  85|0x00000000c5500000, 0x00000000c5500000, 0x00000000c5600000|  0%| F|  |TAMS 0x00000000c5500000, 0x00000000c5500000| Untracked 
|  86|0x00000000c5600000, 0x00000000c5600000, 0x00000000c5700000|  0%| F|  |TAMS 0x00000000c5600000, 0x00000000c5600000| Untracked 
|  87|0x00000000c5700000, 0x00000000c5700000, 0x00000000c5800000|  0%| F|  |TAMS 0x00000000c5700000, 0x00000000c5700000| Untracked 
|  88|0x00000000c5800000, 0x00000000c5800000, 0x00000000c5900000|  0%| F|  |TAMS 0x00000000c5800000, 0x00000000c5800000| Untracked 
|  89|0x00000000c5900000, 0x00000000c5900000, 0x00000000c5a00000|  0%| F|  |TAMS 0x00000000c5900000, 0x00000000c5900000| Untracked 
|  90|0x00000000c5a00000, 0x00000000c5a00000, 0x00000000c5b00000|  0%| F|  |TAMS 0x00000000c5a00000, 0x00000000c5a00000| Untracked 
|  91|0x00000000c5b00000, 0x00000000c5b00000, 0x00000000c5c00000|  0%| F|  |TAMS 0x00000000c5b00000, 0x00000000c5b00000| Untracked 
|  92|0x00000000c5c00000, 0x00000000c5c00000, 0x00000000c5d00000|  0%| F|  |TAMS 0x00000000c5c00000, 0x00000000c5c00000| Untracked 
|  93|0x00000000c5d00000, 0x00000000c5d00000, 0x00000000c5e00000|  0%| F|  |TAMS 0x00000000c5d00000, 0x00000000c5d00000| Untracked 
|  94|0x00000000c5e00000, 0x00000000c5e00000, 0x00000000c5f00000|  0%| F|  |TAMS 0x00000000c5e00000, 0x00000000c5e00000| Untracked 
|  95|0x00000000c5f00000, 0x00000000c5f00000, 0x00000000c6000000|  0%| F|  |TAMS 0x00000000c5f00000, 0x00000000c5f00000| Untracked 
|  96|0x00000000c6000000, 0x00000000c6000000, 0x00000000c6100000|  0%| F|  |TAMS 0x00000000c6000000, 0x00000000c6000000| Untracked 
|  97|0x00000000c6100000, 0x00000000c6100000, 0x00000000c6200000|  0%| F|  |TAMS 0x00000000c6100000, 0x00000000c6100000| Untracked 
|  98|0x00000000c6200000, 0x00000000c6200000, 0x00000000c6300000|  0%| F|  |TAMS 0x00000000c6200000, 0x00000000c6200000| Untracked 
|  99|0x00000000c6300000, 0x00000000c6300000, 0x00000000c6400000|  0%| F|  |TAMS 0x00000000c6300000, 0x00000000c6300000| Untracked 
| 100|0x00000000c6400000, 0x00000000c6400000, 0x00000000c6500000|  0%| F|  |TAMS 0x00000000c6400000, 0x00000000c6400000| Untracked 
| 101|0x00000000c6500000, 0x00000000c6500000, 0x00000000c6600000|  0%| F|  |TAMS 0x00000000c6500000, 0x00000000c6500000| Untracked 
| 102|0x00000000c6600000, 0x00000000c6600000, 0x00000000c6700000|  0%| F|  |TAMS 0x00000000c6600000, 0x00000000c6600000| Untracked 
| 103|0x00000000c6700000, 0x00000000c6700000, 0x00000000c6800000|  0%| F|  |TAMS 0x00000000c6700000, 0x00000000c6700000| Untracked 
| 104|0x00000000c6800000, 0x00000000c6800000, 0x00000000c6900000|  0%| F|  |TAMS 0x00000000c6800000, 0x00000000c6800000| Untracked 
| 105|0x00000000c6900000, 0x00000000c6900000, 0x00000000c6a00000|  0%| F|  |TAMS 0x00000000c6900000, 0x00000000c6900000| Untracked 
| 106|0x00000000c6a00000, 0x00000000c6a00000, 0x00000000c6b00000|  0%| F|  |TAMS 0x00000000c6a00000, 0x00000000c6a00000| Untracked 
| 107|0x00000000c6b00000, 0x00000000c6b00000, 0x00000000c6c00000|  0%| F|  |TAMS 0x00000000c6b00000, 0x00000000c6b00000| Untracked 
| 108|0x00000000c6c00000, 0x00000000c6c00000, 0x00000000c6d00000|  0%| F|  |TAMS 0x00000000c6c00000, 0x00000000c6c00000| Untracked 
| 109|0x00000000c6d00000, 0x00000000c6d058a8, 0x00000000c6e00000|  2%| E|  |TAMS 0x00000000c6d00000, 0x00000000c6d00000| Complete 

Card table byte_map: [0x00000232d1540000,0x00000232d1740000] _byte_map_base: 0x00000232d0f40000

Marking Bits (Prev, Next): (CMBitMap*) 0x00000232c961c900, (CMBitMap*) 0x00000232c961c8c0
 Prev Bits: [0x00000232d2940000, 0x00000232d3940000)
 Next Bits: [0x00000232d1940000, 0x00000232d2940000)

Polling page: 0x00000232c9680000

Metaspace:

Usage:
  Non-class:     51.54 MB used.
      Class:      7.36 MB used.
       Both:     58.91 MB used.

Virtual space:
  Non-class space:       64.00 MB reserved,      51.81 MB ( 81%) committed,  1 nodes.
      Class space:        1.00 GB reserved,       7.56 MB ( <1%) committed,  1 nodes.
             Both:        1.06 GB reserved,      59.38 MB (  5%) committed. 

Chunk freelists:
   Non-Class:  11.50 MB
       Class:  8.26 MB
        Both:  19.76 MB

MaxMetaspaceSize: unlimited
CompressedClassSpaceSize: 1.00 GB
Initial GC threshold: 21.00 MB
Current GC threshold: 98.88 MB
CDS: off
MetaspaceReclaimPolicy: balanced
 - commit_granule_bytes: 65536.
 - commit_granule_words: 8192.
 - virtual_space_node_default_size: 8388608.
 - enlarge_chunks_in_place: 1.
 - new_chunks_are_fully_committed: 0.
 - uncommit_free_chunks: 1.
 - use_allocation_guard: 0.
 - handle_deallocations: 1.


Internal statistics:

num_allocs_failed_limit: 6.
num_arena_births: 906.
num_arena_deaths: 382.
num_vsnodes_births: 2.
num_vsnodes_deaths: 0.
num_space_committed: 950.
num_space_uncommitted: 0.
num_chunks_returned_to_freelist: 468.
num_chunks_taken_from_freelist: 2966.
num_chunk_merges: 131.
num_chunk_splits: 1909.
num_chunks_enlarged: 1407.
num_inconsistent_stats: 0.

CodeCache: size=49152Kb used=17301Kb max_used=18871Kb free=31850Kb
 bounds [0x00000232cda60000, 0x00000232cecf0000, 0x00000232d0a60000]
 total_blobs=9865 nmethods=9189 adapters=602
 compilation: enabled
              stopped_count=0, restarted_count=0
 full_count=0

Compilation events (20 events):
Event: 7207.059 Thread 0x00000232d641e8d0 9206       1       org.springframework.ide.vscode.commons.util.BasicFileObserver::lambda$notify$4 (33 bytes)
Event: 7207.061 Thread 0x00000232d641e8d0 nmethod 9206 0x00000232ceb2ea90 code [0x00000232ceb2ece0, 0x00000232ceb2f3d8]
Event: 7207.061 Thread 0x00000232d641e8d0 9207       1       org.springframework.ide.vscode.commons.util.BasicFileObserver$$Lambda$1066/0x00000001007852c8::<init> (10 bytes)
Event: 7207.062 Thread 0x00000232d641e8d0 nmethod 9207 0x00000232ceb2e790 code [0x00000232ceb2e920, 0x00000232ceb2ea38]
Event: 7207.062 Thread 0x00000232d641e8d0 9208       1       org.springframework.ide.vscode.commons.util.BasicFileObserver$$Lambda$1067/0x0000000100785518::apply (5 bytes)
Event: 7207.063 Thread 0x00000232d641e8d0 nmethod 9208 0x00000232ceb2e410 code [0x00000232ceb2e5a0, 0x00000232ceb2e6f8]
Event: 7207.063 Thread 0x00000232d641e8d0 9209       1       org.springframework.ide.vscode.commons.util.BasicFileObserver::lambda$notify$3 (5 bytes)
Event: 7207.063 Thread 0x00000232d641e8d0 nmethod 9209 0x00000232ceb2e090 code [0x00000232ceb2e220, 0x00000232ceb2e358]
Event: 7207.063 Thread 0x00000232d641e8d0 9210       1       org.springframework.ide.vscode.commons.util.BasicFileObserver$$Lambda$1064/0x0000000100784e58::test (8 bytes)
Event: 7207.063 Thread 0x00000232d641e8d0 nmethod 9210 0x00000232ceb2dc90 code [0x00000232ceb2de20, 0x00000232ceb2df78]
Event: 7207.063 Thread 0x00000232d641e8d0 9211       1       org.springframework.ide.vscode.commons.util.BasicFileObserver::lambda$notify$5 (17 bytes)
Event: 7207.063 Thread 0x00000232d641e8d0 nmethod 9211 0x00000232ceb2d910 code [0x00000232ceb2daa0, 0x00000232ceb2db98]
Event: 7218.943 Thread 0x00000232d641e8d0 9212       1       java.util.concurrent.SynchronousQueue::isEmpty (2 bytes)
Event: 7218.943 Thread 0x00000232d641e8d0 nmethod 9212 0x00000232ceb2d610 code [0x00000232ceb2d7a0, 0x00000232ceb2d878]
Event: 7268.270 Thread 0x00000232d641e8d0 9213       1       java.lang.Thread::checkAccess (14 bytes)
Event: 7268.272 Thread 0x00000232d641e8d0 nmethod 9213 0x00000232ceb2d290 code [0x00000232ceb2d420, 0x00000232ceb2d548]
Event: 7268.300 Thread 0x00000232d641e8d0 9214       1       org.eclipse.jdt.internal.compiler.CompilationResult::recordPackageName (6 bytes)
Event: 7268.300 Thread 0x00000232d641e8d0 nmethod 9214 0x00000232ceb2cf90 code [0x00000232ceb2d120, 0x00000232ceb2d238]
Event: 7268.631 Thread 0x00000232d641e8d0 9215   !   1       org.eclipse.jdt.internal.compiler.ast.AbstractMethodDeclaration::generateCode (359 bytes)
Event: 7268.638 Thread 0x00000232d641e8d0 nmethod 9215 0x00000232ceb2af10 code [0x00000232ceb2b240, 0x00000232ceb2c268]

GC Heap History (20 events):
Event: 7474.440 GC heap before
{Heap before GC invocations=632 (full 564):
 garbage-first heap   total 112640K, used 41102K [0x00000000c0000000, 0x0000000100000000)
  region size 1024K, 1 young (1024K), 0 survivors (0K)
 Metaspace       used 60320K, committed 60800K, reserved 1114112K
  class space    used 7540K, committed 7744K, reserved 1048576K
}
Event: 7474.537 GC heap after
{Heap after GC invocations=633 (full 565):
 garbage-first heap   total 112640K, used 41102K [0x00000000c0000000, 0x0000000100000000)
  region size 1024K, 0 young (0K), 0 survivors (0K)
 Metaspace       used 60320K, committed 60800K, reserved 1114112K
  class space    used 7540K, committed 7744K, reserved 1048576K
}
Event: 7485.826 GC heap before
{Heap before GC invocations=633 (full 565):
 garbage-first heap   total 112640K, used 41102K [0x00000000c0000000, 0x0000000100000000)
  region size 1024K, 1 young (1024K), 0 survivors (0K)
 Metaspace       used 60320K, committed 60800K, reserved 1114112K
  class space    used 7540K, committed 7744K, reserved 1048576K
}
Event: 7485.913 GC heap after
{Heap after GC invocations=634 (full 566):
 garbage-first heap   total 112640K, used 41102K [0x00000000c0000000, 0x0000000100000000)
  region size 1024K, 0 young (0K), 0 survivors (0K)
 Metaspace       used 60320K, committed 60800K, reserved 1114112K
  class space    used 7540K, committed 7744K, reserved 1048576K
}
Event: 7496.405 GC heap before
{Heap before GC invocations=634 (full 566):
 garbage-first heap   total 112640K, used 41102K [0x00000000c0000000, 0x0000000100000000)
  region size 1024K, 1 young (1024K), 0 survivors (0K)
 Metaspace       used 60320K, committed 60800K, reserved 1114112K
  class space    used 7540K, committed 7744K, reserved 1048576K
}
Event: 7496.451 GC heap after
{Heap after GC invocations=635 (full 567):
 garbage-first heap   total 112640K, used 41102K [0x00000000c0000000, 0x0000000100000000)
  region size 1024K, 0 young (0K), 0 survivors (0K)
 Metaspace       used 60320K, committed 60800K, reserved 1114112K
  class space    used 7540K, committed 7744K, reserved 1048576K
}
Event: 7506.862 GC heap before
{Heap before GC invocations=635 (full 567):
 garbage-first heap   total 112640K, used 41102K [0x00000000c0000000, 0x0000000100000000)
  region size 1024K, 1 young (1024K), 0 survivors (0K)
 Metaspace       used 60320K, committed 60800K, reserved 1114112K
  class space    used 7540K, committed 7744K, reserved 1048576K
}
Event: 7506.908 GC heap after
{Heap after GC invocations=636 (full 568):
 garbage-first heap   total 112640K, used 41102K [0x00000000c0000000, 0x0000000100000000)
  region size 1024K, 0 young (0K), 0 survivors (0K)
 Metaspace       used 60320K, committed 60800K, reserved 1114112K
  class space    used 7540K, committed 7744K, reserved 1048576K
}
Event: 7517.639 GC heap before
{Heap before GC invocations=636 (full 568):
 garbage-first heap   total 112640K, used 41102K [0x00000000c0000000, 0x0000000100000000)
  region size 1024K, 1 young (1024K), 0 survivors (0K)
 Metaspace       used 60320K, committed 60800K, reserved 1114112K
  class space    used 7540K, committed 7744K, reserved 1048576K
}
Event: 7517.708 GC heap after
{Heap after GC invocations=637 (full 569):
 garbage-first heap   total 112640K, used 41102K [0x00000000c0000000, 0x0000000100000000)
  region size 1024K, 0 young (0K), 0 survivors (0K)
 Metaspace       used 60320K, committed 60800K, reserved 1114112K
  class space    used 7540K, committed 7744K, reserved 1048576K
}
Event: 7528.154 GC heap before
{Heap before GC invocations=637 (full 569):
 garbage-first heap   total 112640K, used 41102K [0x00000000c0000000, 0x0000000100000000)
  region size 1024K, 1 young (1024K), 0 survivors (0K)
 Metaspace       used 60320K, committed 60800K, reserved 1114112K
  class space    used 7540K, committed 7744K, reserved 1048576K
}
Event: 7528.269 GC heap after
{Heap after GC invocations=638 (full 570):
 garbage-first heap   total 112640K, used 41102K [0x00000000c0000000, 0x0000000100000000)
  region size 1024K, 0 young (0K), 0 survivors (0K)
 Metaspace       used 60320K, committed 60800K, reserved 1114112K
  class space    used 7540K, committed 7744K, reserved 1048576K
}
Event: 7538.827 GC heap before
{Heap before GC invocations=638 (full 570):
 garbage-first heap   total 112640K, used 41102K [0x00000000c0000000, 0x0000000100000000)
  region size 1024K, 1 young (1024K), 0 survivors (0K)
 Metaspace       used 60320K, committed 60800K, reserved 1114112K
  class space    used 7540K, committed 7744K, reserved 1048576K
}
Event: 7538.898 GC heap after
{Heap after GC invocations=639 (full 571):
 garbage-first heap   total 112640K, used 41102K [0x00000000c0000000, 0x0000000100000000)
  region size 1024K, 0 young (0K), 0 survivors (0K)
 Metaspace       used 60320K, committed 60800K, reserved 1114112K
  class space    used 7540K, committed 7744K, reserved 1048576K
}
Event: 7549.314 GC heap before
{Heap before GC invocations=639 (full 571):
 garbage-first heap   total 112640K, used 41102K [0x00000000c0000000, 0x0000000100000000)
  region size 1024K, 1 young (1024K), 0 survivors (0K)
 Metaspace       used 60320K, committed 60800K, reserved 1114112K
  class space    used 7540K, committed 7744K, reserved 1048576K
}
Event: 7549.363 GC heap after
{Heap after GC invocations=640 (full 572):
 garbage-first heap   total 112640K, used 41102K [0x00000000c0000000, 0x0000000100000000)
  region size 1024K, 0 young (0K), 0 survivors (0K)
 Metaspace       used 60320K, committed 60800K, reserved 1114112K
  class space    used 7540K, committed 7744K, reserved 1048576K
}
Event: 7559.839 GC heap before
{Heap before GC invocations=640 (full 572):
 garbage-first heap   total 112640K, used 41102K [0x00000000c0000000, 0x0000000100000000)
  region size 1024K, 1 young (1024K), 0 survivors (0K)
 Metaspace       used 60320K, committed 60800K, reserved 1114112K
  class space    used 7540K, committed 7744K, reserved 1048576K
}
Event: 7559.904 GC heap after
{Heap after GC invocations=641 (full 573):
 garbage-first heap   total 112640K, used 41102K [0x00000000c0000000, 0x0000000100000000)
  region size 1024K, 0 young (0K), 0 survivors (0K)
 Metaspace       used 60320K, committed 60800K, reserved 1114112K
  class space    used 7540K, committed 7744K, reserved 1048576K
}
Event: 7570.868 GC heap before
{Heap before GC invocations=641 (full 573):
 garbage-first heap   total 112640K, used 41102K [0x00000000c0000000, 0x0000000100000000)
  region size 1024K, 1 young (1024K), 0 survivors (0K)
 Metaspace       used 60320K, committed 60800K, reserved 1114112K
  class space    used 7540K, committed 7744K, reserved 1048576K
}
Event: 7570.942 GC heap after
{Heap after GC invocations=642 (full 574):
 garbage-first heap   total 112640K, used 41102K [0x00000000c0000000, 0x0000000100000000)
  region size 1024K, 0 young (0K), 0 survivors (0K)
 Metaspace       used 60320K, committed 60800K, reserved 1114112K
  class space    used 7540K, committed 7744K, reserved 1048576K
}

Dll operation events (10 events):
Event: 0.087 Loaded shared library c:\Users\dti Digital\.vscode\extensions\redhat.java-1.28.1-win32-x64\jre\17.0.10-win32-x86_64\bin\java.dll
Event: 1.678 Loaded shared library C:\Users\dti Digital\.vscode\extensions\redhat.java-1.28.1-win32-x64\jre\17.0.10-win32-x86_64\bin\net.dll
Event: 1.724 Loaded shared library C:\Users\dti Digital\.vscode\extensions\redhat.java-1.28.1-win32-x64\jre\17.0.10-win32-x86_64\bin\nio.dll
Event: 1.764 Loaded shared library C:\Users\dti Digital\.vscode\extensions\redhat.java-1.28.1-win32-x64\jre\17.0.10-win32-x86_64\bin\zip.dll
Event: 12.605 Loaded shared library C:\Users\dti Digital\.vscode\extensions\redhat.java-1.28.1-win32-x64\jre\17.0.10-win32-x86_64\bin\jimage.dll
Event: 17.059 Loaded shared library c:\Users\dti Digital\.vscode\extensions\redhat.java-1.28.1-win32-x64\jre\17.0.10-win32-x86_64\bin\verify.dll
Event: 28.180 Loaded shared library C:\Users\dti Digital\.vscode\extensions\redhat.java-1.28.1-win32-x64\jre\17.0.10-win32-x86_64\bin\management.dll
Event: 28.222 Loaded shared library C:\Users\dti Digital\.vscode\extensions\redhat.java-1.28.1-win32-x64\jre\17.0.10-win32-x86_64\bin\management_ext.dll
Event: 30.462 Loaded shared library C:\Users\dti Digital\.vscode\extensions\redhat.java-1.28.1-win32-x64\jre\17.0.10-win32-x86_64\bin\sunmscapi.dll
Event: 30.997 Loaded shared library C:\Users\dti Digital\.vscode\extensions\redhat.java-1.28.1-win32-x64\jre\17.0.10-win32-x86_64\bin\extnet.dll

Deoptimization events (20 events):
Event: 32.804 Thread 0x00000232dc5226e0 DEOPT PACKING pc=0x00000232ce1d4f24 sp=0x00000080d90fec40
Event: 32.804 Thread 0x00000232dc5226e0 DEOPT UNPACKING pc=0x00000232cdab7143 sp=0x00000080d90fe128 mode 0
Event: 32.804 Thread 0x00000232dc525980 DEOPT PACKING pc=0x00000232ce1d4f24 sp=0x00000080d94ff250
Event: 32.804 Thread 0x00000232dc525980 DEOPT UNPACKING pc=0x00000232cdab7143 sp=0x00000080d94fe738 mode 0
Event: 68.260 Thread 0x00000232dc0a1850 DEOPT PACKING pc=0x00000232ce0424d4 sp=0x00000080d84ff270
Event: 68.260 Thread 0x00000232dc0a1850 DEOPT UNPACKING pc=0x00000232cdab7143 sp=0x00000080d84fe718 mode 0
Event: 72.999 Thread 0x00000232dc4eeab0 DEOPT PACKING pc=0x00000232ce2f638c sp=0x00000080d8cfdff0
Event: 72.999 Thread 0x00000232dc4eeab0 DEOPT UNPACKING pc=0x00000232cdab7143 sp=0x00000080d8cfd558 mode 0
Event: 72.999 Thread 0x00000232dc4eeab0 DEOPT PACKING pc=0x00000232ce31144c sp=0x00000080d8cfe120
Event: 72.999 Thread 0x00000232dc4eeab0 DEOPT UNPACKING pc=0x00000232cdab7143 sp=0x00000080d8cfd600 mode 0
Event: 72.999 Thread 0x00000232dc4eeab0 DEOPT PACKING pc=0x00000232ce2f638c sp=0x00000080d8cfe250
Event: 72.999 Thread 0x00000232dc4eeab0 DEOPT UNPACKING pc=0x00000232cdab7143 sp=0x00000080d8cfd7b8 mode 0
Event: 72.999 Thread 0x00000232dc4eeab0 DEOPT PACKING pc=0x00000232ce31144c sp=0x00000080d8cfe380
Event: 72.999 Thread 0x00000232dc4eeab0 DEOPT UNPACKING pc=0x00000232cdab7143 sp=0x00000080d8cfd878 mode 0
Event: 73.002 Thread 0x00000232dc4eeab0 DEOPT PACKING pc=0x00000232ce2f638c sp=0x00000080d8cfe6f0
Event: 73.002 Thread 0x00000232dc4eeab0 DEOPT UNPACKING pc=0x00000232cdab7143 sp=0x00000080d8cfdc58 mode 0
Event: 73.002 Thread 0x00000232dc4eeab0 DEOPT PACKING pc=0x00000232ce31144c sp=0x00000080d8cfe820
Event: 73.002 Thread 0x00000232dc4eeab0 DEOPT UNPACKING pc=0x00000232cdab7143 sp=0x00000080d8cfdd18 mode 0
Event: 3377.650 Thread 0x00000232dc523610 DEOPT PACKING pc=0x00000232cdce97fc sp=0x00000080d63fe190
Event: 3377.651 Thread 0x00000232dc523610 DEOPT UNPACKING pc=0x00000232cdab7143 sp=0x00000080d63fd708 mode 0

Classes unloaded (20 events):
Event: 3566.970 Thread 0x00000232d64087b0 Unloading class 0x00000001007ad000 'java/lang/invoke/LambdaForm$MH+0x00000001007ad000'
Event: 3566.970 Thread 0x00000232d64087b0 Unloading class 0x00000001003a5c00 'java/lang/invoke/LambdaForm$MH+0x00000001003a5c00'
Event: 3566.970 Thread 0x00000232d64087b0 Unloading class 0x00000001003ae400 'java/lang/invoke/LambdaForm$MH+0x00000001003ae400'
Event: 3566.971 Thread 0x00000232d64087b0 Unloading class 0x00000001003b0c00 'java/lang/invoke/LambdaForm$MH+0x00000001003b0c00'
Event: 3566.972 Thread 0x00000232d64087b0 Unloading class 0x00000001003a1400 'java/lang/invoke/LambdaForm$MH+0x00000001003a1400'
Event: 3566.972 Thread 0x00000232d64087b0 Unloading class 0x00000001007acc00 'java/lang/invoke/LambdaForm$MH+0x00000001007acc00'
Event: 4093.734 Thread 0x00000232d64087b0 Unloading class 0x00000001007bc800 'jdk/internal/reflect/GeneratedConstructorAccessor68'
Event: 4257.975 Thread 0x00000232d64087b0 Unloading class 0x00000001007bc000 'jdk/internal/reflect/GeneratedMethodAccessor28'
Event: 4257.977 Thread 0x00000232d64087b0 Unloading class 0x00000001007b8400 'jdk/internal/reflect/GeneratedConstructorAccessor72'
Event: 4257.979 Thread 0x00000232d64087b0 Unloading class 0x00000001007b8000 'jdk/internal/reflect/GeneratedMethodAccessor27'
Event: 4257.980 Thread 0x00000232d64087b0 Unloading class 0x00000001007acc00 'jdk/internal/reflect/GeneratedConstructorAccessor71'
Event: 4257.987 Thread 0x00000232d64087b0 Unloading class 0x00000001003a1400 'jdk/internal/reflect/GeneratedMethodAccessor26'
Event: 4257.988 Thread 0x00000232d64087b0 Unloading class 0x00000001003b0c00 'jdk/internal/reflect/GeneratedMethodAccessor25'
Event: 4257.988 Thread 0x00000232d64087b0 Unloading class 0x00000001003ae400 'jdk/internal/reflect/GeneratedMethodAccessor24'
Event: 4257.988 Thread 0x00000232d64087b0 Unloading class 0x00000001003a5c00 'jdk/internal/reflect/GeneratedConstructorAccessor70'
Event: 4257.990 Thread 0x00000232d64087b0 Unloading class 0x00000001007ad000 'jdk/internal/reflect/GeneratedConstructorAccessor69'
Event: 4257.990 Thread 0x00000232d64087b0 Unloading class 0x00000001007b8800 'jdk/internal/reflect/GeneratedConstructorAccessor67'
Event: 7253.945 Thread 0x00000232d64087b0 Unloading class 0x00000001003a1400 'java/lang/invoke/LambdaForm$MH+0x00000001003a1400'
Event: 7253.945 Thread 0x00000232d64087b0 Unloading class 0x00000001007acc00 'java/lang/invoke/LambdaForm$MH+0x00000001007acc00'
Event: 7253.945 Thread 0x00000232d64087b0 Unloading class 0x00000001007bc000 'java/lang/invoke/LambdaForm$MH+0x00000001007bc000'

Classes redefined (0 events):
No events

Internal exceptions (20 events):
Event: 7169.937 Thread 0x00000232dc51fe60 Exception <a 'sun/nio/fs/WindowsException'{0x00000000c6414e08}> (0x00000000c6414e08) 
thrown [s\src\hotspot\share\prims\jni.cpp, line 516]
Event: 7169.937 Thread 0x00000232dc51fe60 Exception <a 'sun/nio/fs/WindowsException'{0x00000000c6415218}> (0x00000000c6415218) 
thrown [s\src\hotspot\share\prims\jni.cpp, line 516]
Event: 7169.938 Thread 0x00000232dc51fe60 Exception <a 'sun/nio/fs/WindowsException'{0x00000000c64161d8}> (0x00000000c64161d8) 
thrown [s\src\hotspot\share\prims\jni.cpp, line 516]
Event: 7169.938 Thread 0x00000232dc51fe60 Exception <a 'sun/nio/fs/WindowsException'{0x00000000c6416628}> (0x00000000c6416628) 
thrown [s\src\hotspot\share\prims\jni.cpp, line 516]
Event: 7169.938 Thread 0x00000232dc51fe60 Exception <a 'sun/nio/fs/WindowsException'{0x00000000c64173b8}> (0x00000000c64173b8) 
thrown [s\src\hotspot\share\prims\jni.cpp, line 516]
Event: 7169.938 Thread 0x00000232dc51fe60 Exception <a 'sun/nio/fs/WindowsException'{0x00000000c6417bb8}> (0x00000000c6417bb8) 
thrown [s\src\hotspot\share\prims\jni.cpp, line 516]
Event: 7169.939 Thread 0x00000232dc51fe60 Exception <a 'sun/nio/fs/WindowsException'{0x00000000c6417fc8}> (0x00000000c6417fc8) 
thrown [s\src\hotspot\share\prims\jni.cpp, line 516]
Event: 7169.939 Thread 0x00000232dc51fe60 Exception <a 'sun/nio/fs/WindowsException'{0x00000000c6418f88}> (0x00000000c6418f88) 
thrown [s\src\hotspot\share\prims\jni.cpp, line 516]
Event: 7169.939 Thread 0x00000232dc51fe60 Exception <a 'sun/nio/fs/WindowsException'{0x00000000c64193d8}> (0x00000000c64193d8) 
thrown [s\src\hotspot\share\prims\jni.cpp, line 516]
Event: 7169.939 Thread 0x00000232dc51fe60 Exception <a 'sun/nio/fs/WindowsException'{0x00000000c641a1b8}> (0x00000000c641a1b8) 
thrown [s\src\hotspot\share\prims\jni.cpp, line 516]
Event: 7169.939 Thread 0x00000232dc51fe60 Exception <a 'sun/nio/fs/WindowsException'{0x00000000c641a9f8}> (0x00000000c641a9f8) 
thrown [s\src\hotspot\share\prims\jni.cpp, line 516]
Event: 7169.940 Thread 0x00000232dc51fe60 Exception <a 'sun/nio/fs/WindowsException'{0x00000000c641ae28}> (0x00000000c641ae28) 
thrown [s\src\hotspot\share\prims\jni.cpp, line 516]
Event: 7169.940 Thread 0x00000232dc51fe60 Exception <a 'sun/nio/fs/WindowsException'{0x00000000c641be08}> (0x00000000c641be08) 
thrown [s\src\hotspot\share\prims\jni.cpp, line 516]
Event: 7169.940 Thread 0x00000232dc51fe60 Exception <a 'sun/nio/fs/WindowsException'{0x00000000c641c278}> (0x00000000c641c278) 
thrown [s\src\hotspot\share\prims\jni.cpp, line 516]
Event: 7169.940 Thread 0x00000232dc51fe60 Exception <a 'sun/nio/fs/WindowsException'{0x00000000c641d020}> (0x00000000c641d020) 
thrown [s\src\hotspot\share\prims\jni.cpp, line 516]
Event: 7169.940 Thread 0x00000232dc51fe60 Exception <a 'sun/nio/fs/WindowsException'{0x00000000c641d860}> (0x00000000c641d860) 
thrown [s\src\hotspot\share\prims\jni.cpp, line 516]
Event: 7169.940 Thread 0x00000232dc51fe60 Exception <a 'sun/nio/fs/WindowsException'{0x00000000c641dc90}> (0x00000000c641dc90) 
thrown [s\src\hotspot\share\prims\jni.cpp, line 516]
Event: 7169.941 Thread 0x00000232dc51fe60 Exception <a 'sun/nio/fs/WindowsException'{0x00000000c641ec98}> (0x00000000c641ec98) 
thrown [s\src\hotspot\share\prims\jni.cpp, line 516]
Event: 7169.941 Thread 0x00000232dc51fe60 Exception <a 'sun/nio/fs/WindowsException'{0x00000000c641f108}> (0x00000000c641f108) 
thrown [s\src\hotspot\share\prims\jni.cpp, line 516]
Event: 7268.590 Thread 0x00000232dc520880 Exception <a 'java/lang/ClassCastException'{0x00000000c69bfe98}> (0x00000000c69bfe98) 
thrown [s\src\hotspot\share\runtime\sharedRuntime.cpp, line 631]

VM Operations (20 events):
Event: 7474.537 Executing VM operation: G1CollectFull done
Event: 7485.826 Executing VM operation: G1CollectFull
Event: 7485.914 Executing VM operation: G1CollectFull done
Event: 7496.405 Executing VM operation: G1CollectFull
Event: 7496.451 Executing VM operation: G1CollectFull done
Event: 7506.845 Executing VM operation: G1CollectFull
Event: 7506.908 Executing VM operation: G1CollectFull done
Event: 7517.639 Executing VM operation: G1CollectFull
Event: 7517.708 Executing VM operation: G1CollectFull done
Event: 7528.153 Executing VM operation: G1CollectFull
Event: 7528.269 Executing VM operation: G1CollectFull done
Event: 7538.827 Executing VM operation: G1CollectFull
Event: 7538.898 Executing VM operation: G1CollectFull done
Event: 7549.314 Executing VM operation: G1CollectFull
Event: 7549.364 Executing VM operation: G1CollectFull done
Event: 7559.838 Executing VM operation: G1CollectFull
Event: 7559.904 Executing VM operation: G1CollectFull done
Event: 7570.868 Executing VM operation: G1CollectFull
Event: 7570.942 Executing VM operation: G1CollectFull done
Event: 7581.182 Executing VM operation: G1CollectFull

Events (20 events):
Event: 7163.901 Thread 0x00000232dd1ce0f0 Thread exited: 0x00000232dd1ce0f0
Event: 7163.900 Thread 0x00000232dd1cc6d0 Thread exited: 0x00000232dd1cc6d0
Event: 7168.003 Thread 0x00000232dc5221d0 Thread added: 0x00000232dc5221d0
Event: 7168.082 Thread 0x00000232dc520880 Thread added: 0x00000232dc520880
Event: 7173.713 Thread 0x00000232dc5212a0 Thread added: 0x00000232dc5212a0
Event: 7174.627 Thread 0x00000232dc51ea20 Thread added: 0x00000232dc51ea20
Event: 7218.982 Thread 0x00000232dc521cc0 Thread exited: 0x00000232dc521cc0
Event: 7233.720 Thread 0x00000232dc5212a0 Thread exited: 0x00000232dc5212a0
Event: 7233.733 Thread 0x00000232dc5217b0 Thread exited: 0x00000232dc5217b0
Event: 7234.664 Thread 0x00000232dc51ea20 Thread exited: 0x00000232dc51ea20
Event: 7266.239 Thread 0x00000232dc5221d0 Thread exited: 0x00000232dc5221d0
Event: 7267.901 Thread 0x00000232dc520880 Thread exited: 0x00000232dc520880
Event: 7268.175 Thread 0x00000232dc525470 Thread added: 0x00000232dc525470
Event: 7268.179 Thread 0x00000232dc5217b0 Thread added: 0x00000232dc5217b0
Event: 7268.185 Thread 0x00000232dc520880 Thread added: 0x00000232dc520880
Event: 7268.270 Thread 0x00000232dc5212a0 Thread added: 0x00000232dc5212a0
Event: 7328.189 Thread 0x00000232dc525470 Thread exited: 0x00000232dc525470
Event: 7328.763 Thread 0x00000232dc5212a0 Thread exited: 0x00000232dc5212a0
Event: 7328.764 Thread 0x00000232dc520880 Thread exited: 0x00000232dc520880
Event: 7328.888 Thread 0x00000232dc5217b0 Thread exited: 0x00000232dc5217b0


Dynamic libraries:
0x00007ff7c3b30000 - 0x00007ff7c3b3e000 	c:\Users\dti Digital\.vscode\extensions\redhat.java-1.28.1-win32-x64\jre\17.0.10-win32-x86_64\bin\java.exe
0x00007fffce8b0000 - 0x00007fffceac6000 	C:\Windows\SYSTEM32\ntdll.dll
0x00007fffccb50000 - 0x00007fffccc14000 	C:\Windows\System32\KERNEL32.DLL
0x00007fffcbde0000 - 0x00007fffcc186000 	C:\Windows\System32\KERNELBASE.dll
0x00007fffcb840000 - 0x00007fffcb960000 	C:\Windows\system32\hmpalert.dll
0x00007fffcc3c0000 - 0x00007fffcc4d1000 	C:\Windows\System32\ucrtbase.dll
0x00007fffb45c0000 - 0x00007fffb45db000 	c:\Users\dti Digital\.vscode\extensions\redhat.java-1.28.1-win32-x64\jre\17.0.10-win32-x86_64\bin\VCRUNTIME140.dll
0x00007fffb46b0000 - 0x00007fffb46c7000 	c:\Users\dti Digital\.vscode\extensions\redhat.java-1.28.1-win32-x64\jre\17.0.10-win32-x86_64\bin\jli.dll
0x00007fffce100000 - 0x00007fffce2ad000 	C:\Windows\System32\USER32.dll
0x00007fffb58c0000 - 0x00007fffb5b53000 	C:\Windows\WinSxS\amd64_microsoft.windows.common-controls_6595b64144ccf1df_6.0.22621.3235_none_270f74e173860f98\COMCTL32.dll
0x00007fffcc190000 - 0x00007fffcc1b6000 	C:\Windows\System32\win32u.dll
0x00007fffce5e0000 - 0x00007fffce609000 	C:\Windows\System32\GDI32.dll
0x00007fffce7c0000 - 0x00007fffce867000 	C:\Windows\System32\msvcrt.dll
0x00007fffcc4e0000 - 0x00007fffcc5f8000 	C:\Windows\System32\gdi32full.dll
0x00007fffcc320000 - 0x00007fffcc3ba000 	C:\Windows\System32\msvcp_win.dll
0x00007fffce350000 - 0x00007fffce381000 	C:\Windows\System32\IMM32.DLL
0x00007fffc1af0000 - 0x00007fffc1afc000 	c:\Users\dti Digital\.vscode\extensions\redhat.java-1.28.1-win32-x64\jre\17.0.10-win32-x86_64\bin\vcruntime140_1.dll
0x00007fff830f0000 - 0x00007fff8317d000 	c:\Users\dti Digital\.vscode\extensions\redhat.java-1.28.1-win32-x64\jre\17.0.10-win32-x86_64\bin\msvcp140.dll
0x00007fff5c480000 - 0x00007fff5d0e2000 	c:\Users\dti Digital\.vscode\extensions\redhat.java-1.28.1-win32-x64\jre\17.0.10-win32-x86_64\bin\server\jvm.dll
0x00007fffcc600000 - 0x00007fffcc6b2000 	C:\Windows\System32\ADVAPI32.dll
0x00007fffccaa0000 - 0x00007fffccb48000 	C:\Windows\System32\sechost.dll
0x00007fffcc230000 - 0x00007fffcc258000 	C:\Windows\System32\bcrypt.dll
0x00007fffce440000 - 0x00007fffce555000 	C:\Windows\System32\RPCRT4.dll
0x00007fffcb740000 - 0x00007fffcb78d000 	C:\Windows\SYSTEM32\POWRPROF.dll
0x00007fffc4470000 - 0x00007fffc447a000 	C:\Windows\SYSTEM32\VERSION.dll
0x00007fffc23c0000 - 0x00007fffc23f4000 	C:\Windows\SYSTEM32\WINMM.dll
0x00007fffb8750000 - 0x00007fffb8759000 	C:\Windows\SYSTEM32\WSOCK32.dll
0x00007fffccd80000 - 0x00007fffccdf1000 	C:\Windows\System32\WS2_32.dll
0x00007fffcb720000 - 0x00007fffcb733000 	C:\Windows\SYSTEM32\UMPDC.dll
0x00007fffcaad0000 - 0x00007fffcaae8000 	C:\Windows\SYSTEM32\kernel.appcore.dll
0x00007fffb9cb0000 - 0x00007fffb9cba000 	c:\Users\dti Digital\.vscode\extensions\redhat.java-1.28.1-win32-x64\jre\17.0.10-win32-x86_64\bin\jimage.dll
0x00007fffc14c0000 - 0x00007fffc16f3000 	C:\Windows\SYSTEM32\DBGHELP.DLL
0x00007fffcdd70000 - 0x00007fffce0f8000 	C:\Windows\System32\combase.dll
0x00007fffcdc90000 - 0x00007fffcdd67000 	C:\Windows\System32\OLEAUT32.dll
0x00007fffb8d60000 - 0x00007fffb8d92000 	C:\Windows\SYSTEM32\dbgcore.DLL
0x00007fffcbd60000 - 0x00007fffcbdda000 	C:\Windows\System32\bcryptPrimitives.dll
0x00007fffb42a0000 - 0x00007fffb42c5000 	c:\Users\dti Digital\.vscode\extensions\redhat.java-1.28.1-win32-x64\jre\17.0.10-win32-x86_64\bin\java.dll
0x00007fffb3e10000 - 0x00007fffb3e28000 	c:\Users\dti Digital\.vscode\extensions\redhat.java-1.28.1-win32-x64\jre\17.0.10-win32-x86_64\bin\zip.dll
0x00007fffcce00000 - 0x00007fffcd65d000 	C:\Windows\System32\SHELL32.dll
0x00007fffc99e0000 - 0x00007fffca2d8000 	C:\Windows\SYSTEM32\windows.storage.dll
0x00007fffc98a0000 - 0x00007fffc99de000 	C:\Windows\SYSTEM32\wintypes.dll
0x00007fffcdb00000 - 0x00007fffcdbf3000 	C:\Windows\System32\SHCORE.dll
0x00007fffce660000 - 0x00007fffce6be000 	C:\Windows\System32\shlwapi.dll
0x00007fffcbb20000 - 0x00007fffcbb46000 	C:\Windows\SYSTEM32\profapi.dll
0x00007fffb3d40000 - 0x00007fffb3d59000 	C:\Users\dti Digital\.vscode\extensions\redhat.java-1.28.1-win32-x64\jre\17.0.10-win32-x86_64\bin\net.dll
0x00007fffc5900000 - 0x00007fffc5a37000 	C:\Windows\SYSTEM32\WINHTTP.dll
0x00007fffcaf40000 - 0x00007fffcafa9000 	C:\Windows\system32\mswsock.dll
0x00007fff9d990000 - 0x00007fff9d9a6000 	C:\Users\dti Digital\.vscode\extensions\redhat.java-1.28.1-win32-x64\jre\17.0.10-win32-x86_64\bin\nio.dll
0x00007fffb8c80000 - 0x00007fffb8c90000 	c:\Users\dti Digital\.vscode\extensions\redhat.java-1.28.1-win32-x64\jre\17.0.10-win32-x86_64\bin\verify.dll
0x00007fffcb290000 - 0x00007fffcb2ab000 	C:\Windows\SYSTEM32\CRYPTSP.dll
0x00007fffcaa30000 - 0x00007fffcaa65000 	C:\Windows\system32\rsaenh.dll
0x00007fffcafe0000 - 0x00007fffcb00c000 	C:\Windows\SYSTEM32\USERENV.dll
0x00007fffcb270000 - 0x00007fffcb27c000 	C:\Windows\SYSTEM32\CRYPTBASE.dll
0x00007fffca540000 - 0x00007fffca56d000 	C:\Windows\SYSTEM32\IPHLPAPI.DLL
0x00007fffce2b0000 - 0x00007fffce2b9000 	C:\Windows\System32\NSI.dll
0x00007fffc4500000 - 0x00007fffc4519000 	C:\Windows\SYSTEM32\dhcpcsvc6.DLL
0x00007fffc4300000 - 0x00007fffc431f000 	C:\Windows\SYSTEM32\dhcpcsvc.DLL
0x00007fffca570000 - 0x00007fffca669000 	C:\Windows\SYSTEM32\DNSAPI.dll
0x00007fffb5b60000 - 0x00007fffb5b69000 	C:\Users\dti Digital\.vscode\extensions\redhat.java-1.28.1-win32-x64\jre\17.0.10-win32-x86_64\bin\management.dll
0x00007fffb46a0000 - 0x00007fffb46ab000 	C:\Users\dti Digital\.vscode\extensions\redhat.java-1.28.1-win32-x64\jre\17.0.10-win32-x86_64\bin\management_ext.dll
0x00007fffcca90000 - 0x00007fffcca98000 	C:\Windows\System32\PSAPI.DLL
0x00007fffb7730000 - 0x00007fffb773e000 	C:\Users\dti Digital\.vscode\extensions\redhat.java-1.28.1-win32-x64\jre\17.0.10-win32-x86_64\bin\sunmscapi.dll
0x00007fffcbbf0000 - 0x00007fffcbd56000 	C:\Windows\System32\CRYPT32.dll
0x00007fffcb410000 - 0x00007fffcb43e000 	C:\Windows\SYSTEM32\ncrypt.dll
0x00007fffcb3d0000 - 0x00007fffcb407000 	C:\Windows\SYSTEM32\NTASN1.dll
0x00007fffc1eb0000 - 0x00007fffc1eba000 	C:\Windows\System32\rasadhlp.dll
0x00007fffc22c0000 - 0x00007fffc2343000 	C:\Windows\System32\fwpuclnt.dll
0x00007fffb5e70000 - 0x00007fffb5e79000 	C:\Users\dti Digital\.vscode\extensions\redhat.java-1.28.1-win32-x64\jre\17.0.10-win32-x86_64\bin\extnet.dll

dbghelp: loaded successfully - version: 4.0.5 - missing functions: none
symbol engine: initialized successfully - sym options: 0x614 - pdb path: .;c:\Users\dti Digital\.vscode\extensions\redhat.java-1.28.1-win32-x64\jre\17.0.10-win32-x86_64\bin;C:\Windows\SYSTEM32;C:\Windows\WinSxS\amd64_microsoft.windows.common-controls_6595b64144ccf1df_6.0.22621.3235_none_270f74e173860f98;c:\Users\dti Digital\.vscode\extensions\redhat.java-1.28.1-win32-x64\jre\17.0.10-win32-x86_64\bin\server

VM Arguments:
jvm_args: -XX:+HeapDumpOnOutOfMemoryError -Xmx1024m -Dsts.lsp.client=vscode -Dsts.log.file=/dev/null -XX:TieredStopAtLevel=1 -Xlog:jni+resolve=off -Dspring.config.location=file:c:\Users\dti Digital\.vscode\extensions\vmware.vscode-spring-boot-1.53.0\language-server\BOOT-INF\classes\application.properties 
java_command: org.springframework.ide.vscode.boot.app.BootLanguageServerBootApp
java_class_path (initial): c:\Users\dti Digital\.vscode\extensions\vmware.vscode-spring-boot-1.53.0\language-server\BOOT-INF\classes;c:\Users\dti Digital\.vscode\extensions\vmware.vscode-spring-boot-1.53.0\language-server\BOOT-INF\lib\annotations-24.1.0.jar;c:\Users\dti Digital\.vscode\extensions\vmware.vscode-spring-boot-1.53.0\language-server\BOOT-INF\lib\antlr4-runtime-4.11.1.jar;c:\Users\dti Digital\.vscode\extensions\vmware.vscode-spring-boot-1.53.0\language-server\BOOT-INF\lib\asm-9.6.jar;c:\Users\dti Digital\.vscode\extensions\vmware.vscode-spring-boot-1.53.0\language-server\BOOT-INF\lib\asm-analysis-9.6.jar;c:\Users\dti Digital\.vscode\extensions\vmware.vscode-spring-boot-1.53.0\language-server\BOOT-INF\lib\asm-tree-9.6.jar;c:\Users\dti Digital\.vscode\extensions\vmware.vscode-spring-boot-1.53.0\language-server\BOOT-INF\lib\asm-util-9.6.jar;c:\Users\dti Digital\.vscode\extensions\vmware.vscode-spring-boot-1.53.0\language-server\BOOT-INF\lib\caffeine-3.1.8.jar;c:\Users\dti Digital\.vscode\extensions\vmware.vscode-spring-boot-1.53.0\language-server\BOOT-INF\lib\checker-qual-3.12.0.jar;c:\Users\dti Digital\.vscode\extensions\vmware.vscode-spring-boot-1.53.0\language-server\BOOT-INF\lib\classgraph-4.8.149.jar;c:\Users\dti Digital\.vscode\extensions\vmware.vscode-spring-boot-1.53.0\language-server\BOOT-INF\lib\commons-codec-1.16.1.jar;c:\Users\dti Digital\.vscode\extensions\vmware.vscode-spring-boot-1.53.0\language-server\BOOT-INF\lib\commons-compress-1.26.0.jar;c:\Users\dti Digital\.vscode\extensions\vmware.vscode-spring-boot-1.53.0\language-server\BOOT-INF\lib\commons-io-2.4.jar;c:\Users\dti Digital\.vscode\extensions\vmware.vscode-spring-boot-1.53.0\language-server\BOOT-INF\lib\commons-java-1.53.0-SNAPSHOT.jar;c:\Users\dti Digital\.vscode\extensions\vmware.vscode-spring-boot-1.53.0\language-server\BOOT-INF\lib\commons-lang3-3.13.0.jar;c:\Users\dti Digital\.vscode\extensions\vmware.vscode-spring-boot-1.53.0\language-server\BOOT-INF\lib\commons-language-server
Launcher Type: SUN_STANDARD

[Global flags]
     intx CICompilerCount                          = 4                                         {product} {ergonomic}
     uint ConcGCThreads                            = 2                                         {product} {ergonomic}
     uint G1ConcRefinementThreads                  = 8                                         {product} {ergonomic}
   size_t G1HeapRegionSize                         = 1048576                                   {product} {ergonomic}
    uintx GCDrainStackTargetSize                   = 64                                        {product} {ergonomic}
     bool HeapDumpOnOutOfMemoryError               = true                                   {manageable} {command line}
   size_t InitialHeapSize                          = 400556032                                 {product} {ergonomic}
   size_t MarkStackSize                            = 4194304                                   {product} {ergonomic}
   size_t MaxHeapSize                              = 1073741824                                {product} {command line}
   size_t MaxNewSize                               = 643825664                                 {product} {ergonomic}
   size_t MinHeapDeltaBytes                        = 1048576                                   {product} {ergonomic}
   size_t MinHeapSize                              = 8388608                                   {product} {ergonomic}
    uintx NonProfiledCodeHeapSize                  = 0                                      {pd product} {ergonomic}
     bool ProfileInterpreter                       = false                                  {pd product} {command line}
    uintx ProfiledCodeHeapSize                     = 0                                      {pd product} {ergonomic}
   size_t SoftMaxHeapSize                          = 1073741824                             {manageable} {ergonomic}
     intx TieredStopAtLevel                        = 1                                         {product} {command line}
     bool UseCompressedClassPointers               = true                           {product lp64_product} {ergonomic}
     bool UseCompressedOops                        = true                           {product lp64_product} {ergonomic}
     bool UseG1GC                                  = true                                      {product} {ergonomic}
     bool UseLargePagesIndividualAllocation        = false                                  {pd product} {ergonomic}

Logging:
Log output configuration:
 #0: stdout all=warning,jni+resolve=off uptime,level,tags
 #1: stderr all=off uptime,level,tags

Environment Variables:
JAVA_HOME=C:\Program Files\Java\jdk-17
PATH=C:\Program Files\Java\jdk-17\bin;C:\Program Files\Java\jdk-17\bin;C:\Program Files\Common Files\Oracle\Java\javapath;C:\Program Files (x86)\Common Files\Oracle\Java\javapath;C:\Program Files\Java\jdk-17\bin\javaw.exe;C:\Windows\system32;C:\Windows;C:\Windows\System32\Wbem;C:\Windows\System32\WindowsPowerShell\v1.0\;C:\Windows\System32\OpenSSH\;C:\Program Files\dotnet\;C:\Program Files\Git\cmd;C:\Program Files\Java\apache-maven-3.9.6\bin;C:\PROGRA~1\Red Gate\Flyway Desktop\;C:\Program Files\MySQL\MySQL Shell 8.0\bin\;C:\Users\dti Digital\AppData\Local\Microsoft\WindowsApps;C:\Users\dti Digital\AppData\Local\Programs\Microsoft VS Code\bin;C:\Program Files\Java\jdk-1.8\bin;C:\Program Files\Java\apache-maven-3.9.6\bin;
USERNAME=dti Digital
OS=Windows_NT
PROCESSOR_IDENTIFIER=Intel64 Family 6 Model 142 Stepping 12, GenuineIntel
TMP=C:\Users\DTIDIG~1\AppData\Local\Temp
TEMP=C:\Users\DTIDIG~1\AppData\Local\Temp



Periodic native trim disabled


---------------  S Y S T E M  ---------------

OS:
 Windows 11 , 64 bit Build 22621 (10.0.22621.3235)
OS uptime: 4 days 2:25 hours
Hyper-V role detected

CPU: total 8 (initial active 8) (4 cores per cpu, 2 threads per core) family 6 model 142 stepping 12 microcode 0xf8, cx8, cmov, fxsr, ht, mmx, 3dnowpref, sse, sse2, sse3, ssse3, sse4.1, sse4.2, popcnt, lzcnt, tsc, tscinvbit, avx, avx2, aes, erms, clmul, bmi1, bmi2, adx, fma, vzeroupper, clflush, clflushopt, hv
Processor Information for all 8 processors :
  Max Mhz: 2112, Current Mhz: 1609, Mhz Limit: 1605

Memory: 4k page, system-wide physical 24336M (573M free)
TotalPageFile size 54760M (AvailPageFile size 271M)
current process WorkingSet (physical memory assigned to process): 75M, peak: 257M
current process commit charge ("private bytes"): 290M, peak: 500M

vm_info: OpenJDK 64-Bit Server VM (17.0.10+7) for windows-amd64 JRE (17.0.10+7), built on Jan 16 2024 23:25:11 by "admin" with MS VC++ 16.10 / 16.11 (VS2019)

END.
