#
# There is insufficient memory for the Java Runtime Environment to continue.
# Native memory allocation (malloc) failed to allocate 175376 bytes for Chunk::new
# Possible reasons:
#   The system is out of physical RAM or swap space
#   The process is running with CompressedOops enabled, and the Java Heap may be blocking the growth of the native heap
# Possible solutions:
#   Reduce memory load on the system
#   Increase physical memory or swap space
#   Check if swap backing store is full
#   Decrease Java heap size (-Xmx/-Xms)
#   Decrease number of Java threads
#   Decrease Java thread stack sizes (-Xss)
#   Set larger code cache with -XX:ReservedCodeCacheSize=
#   JVM is running with Zero Based Compressed Oops mode in which the Java heap is
#     placed in the first 32GB address space. The Java Heap base address is the
#     maximum limit for the native heap growth. Please use -XX:HeapBaseMinAddress
#     to set the Java Heap base and to place the Java Heap above 32GB virtual address.
# This output file may be truncated or incomplete.
#
#  Out of Memory Error (arena.cpp:189), pid=13584, tid=19744
#
# JRE version: Java(TM) SE Runtime Environment (17.0.10+11) (build 17.0.10+11-LTS-240)
# Java VM: Java HotSpot(TM) 64-Bit Server VM (17.0.10+11-LTS-240, mixed mode, sharing, tiered, compressed oops, compressed class ptrs, g1 gc, windows-amd64)
# No core dump will be written. Minidumps are not enabled by default on client versions of Windows
#

---------------  S U M M A R Y ------------

Command Line: -Dclassworlds.conf=C:\Program Files\Java\apache-maven-3.9.6\bin\m2.conf -Dmaven.home=C:\Program Files\Java\apache-maven-3.9.6 -Dlibrary.jansi.path=C:\Program Files\Java\apache-maven-3.9.6\lib\jansi-native -Dmaven.multiModuleProjectDirectory=C:\Users\dti Digital\Desktop\PontoInteligente\ponto-inteligente org.codehaus.plexus.classworlds.launcher.Launcher spring-boot:run

Host: Intel(R) Core(TM) i5-10210U CPU @ 1.60GHz, 8 cores, 23G,  Windows 11 , 64 bit Build 22621 (10.0.22621.3235)
Time: Mon Mar 18 12:03:24 2024 Hora oficial do Brasil elapsed time: 0.749656 seconds (0d 0h 0m 0s)

---------------  T H R E A D  ---------------

Current thread (0x00000210fccf7cc0):  JavaThread "C2 CompilerThread1" daemon [_thread_in_native, id=19744, stack(0x00000074af000000,0x00000074af100000)]


Current CompileTask:
C2:    749  719   !   4       java.util.concurrent.ConcurrentHashMap::putVal (432 bytes)

Stack: [0x00000074af000000,0x00000074af100000]
Native frames: (J=compiled Java code, j=interpreted, Vv=VM code, C=native code)
V  [jvm.dll+0x677a5a]
V  [jvm.dll+0x7d8b2d]
V  [jvm.dll+0x7da48e]
V  [jvm.dll+0x7daaf3]
V  [jvm.dll+0x2455ff]
V  [jvm.dll+0xaaafb]
V  [jvm.dll+0xab09c]
V  [jvm.dll+0x2aafef]
V  [jvm.dll+0x57fd55]
V  [jvm.dll+0x220472]
V  [jvm.dll+0x219070]
V  [jvm.dll+0x216c79]
V  [jvm.dll+0x1a3410]
V  [jvm.dll+0x226aeb]
V  [jvm.dll+0x224cab]
V  [jvm.dll+0x78e45c]
V  [jvm.dll+0x78888a]
V  [jvm.dll+0x676935]
C  [ucrtbase.dll+0x29363]
C  [KERNEL32.DLL+0x1257d]
C  [ntdll.dll+0x5aa58]


---------------  P R O C E S S  ---------------

Threads class SMR info:
_java_thread_list=0x00000210fc822670, length=13, elements={
0x00000210fbf170a0, 0x00000210fbf17f20, 0x00000210fc6cce20, 0x00000210fc6d0710,
0x00000210fc6d1780, 0x00000210fc6d6600, 0x00000210fc6d9b50, 0x00000210fc6db1b0,
0x00000210fc6f0140, 0x00000210fc814660, 0x00000210fc81eda0, 0x00000210fccf7cc0,
0x00000210d297bf80
}

Java Threads: ( => current thread )
  0x00000210fbf170a0 JavaThread "Reference Handler" daemon [_thread_blocked, id=3976, stack(0x00000074ae400000,0x00000074ae500000)]
  0x00000210fbf17f20 JavaThread "Finalizer" daemon [_thread_blocked, id=12552, stack(0x00000074ae500000,0x00000074ae600000)]
  0x00000210fc6cce20 JavaThread "Signal Dispatcher" daemon [_thread_blocked, id=28688, stack(0x00000074ae600000,0x00000074ae700000)]
  0x00000210fc6d0710 JavaThread "Attach Listener" daemon [_thread_blocked, id=10712, stack(0x00000074ae700000,0x00000074ae800000)]
  0x00000210fc6d1780 JavaThread "Service Thread" daemon [_thread_blocked, id=2364, stack(0x00000074ae800000,0x00000074ae900000)]
  0x00000210fc6d6600 JavaThread "Monitor Deflation Thread" daemon [_thread_blocked, id=12524, stack(0x00000074ae900000,0x00000074aea00000)]
  0x00000210fc6d9b50 JavaThread "C2 CompilerThread0" daemon [_thread_in_native, id=10740, stack(0x00000074aea00000,0x00000074aeb00000)]
  0x00000210fc6db1b0 JavaThread "C1 CompilerThread0" daemon [_thread_blocked, id=17364, stack(0x00000074aeb00000,0x00000074aec00000)]
  0x00000210fc6f0140 JavaThread "Sweeper thread" daemon [_thread_blocked, id=18944, stack(0x00000074aec00000,0x00000074aed00000)]
  0x00000210fc814660 JavaThread "Notification Thread" daemon [_thread_blocked, id=26932, stack(0x00000074aed00000,0x00000074aee00000)]
  0x00000210fc81eda0 JavaThread "Common-Cleaner" daemon [_thread_blocked, id=11640, stack(0x00000074aef00000,0x00000074af000000)]
=>0x00000210fccf7cc0 JavaThread "C2 CompilerThread1" daemon [_thread_in_native, id=19744, stack(0x00000074af000000,0x00000074af100000)]
  0x00000210d297bf80 JavaThread "DestroyJavaVM" [_thread_blocked, id=11004, stack(0x00000074add00000,0x00000074ade00000)]

Other Threads:
  0x00000210fbf11140 VMThread "VM Thread" [stack: 0x00000074ae300000,0x00000074ae400000] [id=37648]
  0x00000210d4dbba40 WatcherThread [stack: 0x00000074aee00000,0x00000074aef00000] [id=28452]
  0x00000210d4da2cc0 GCTaskThread "GC Thread#0" [stack: 0x00000074ade00000,0x00000074adf00000] [id=33216]
  0x00000210d4dafa50 ConcurrentGCThread "G1 Main Marker" [stack: 0x00000074adf00000,0x00000074ae000000] [id=36184]
  0x00000210d4db0c00 ConcurrentGCThread "G1 Conc#0" [stack: 0x00000074ae000000,0x00000074ae100000] [id=36392]
  0x00000210d4dde660 ConcurrentGCThread "G1 Refine#0" [stack: 0x00000074ae100000,0x00000074ae200000] [id=19016]
  0x00000210fbdcd180 ConcurrentGCThread "G1 Service" [stack: 0x00000074ae200000,0x00000074ae300000] [id=1404]

Threads with active compile tasks:
C2 CompilerThread0      848  727 %     4       java.lang.StringLatin1::inflate @ 3 (34 bytes)
C2 CompilerThread1      848  719   !   4       java.util.concurrent.ConcurrentHashMap::putVal (432 bytes)

VM state: not at safepoint (normal execution)

VM Mutex/Monitor currently owned by a thread: None

OutOfMemory and StackOverflow Exception counts:
OutOfMemoryError java_heap_errors=2
LinkageErrors=4

Heap address: 0x0000000683800000, size: 6088 MB, Compressed Oops mode: Zero based, Oop shift amount: 3

CDS archive(s) mapped at: [0x0000021080000000-0x0000021080bd0000-0x0000021080bd0000), size 12386304, SharedBaseAddress: 0x0000021080000000, ArchiveRelocationMode: 1.
Compressed class space mapped at: 0x0000021081000000-0x00000210c1000000, reserved size: 1073741824
Narrow klass base: 0x0000021080000000, Narrow klass shift: 0, Narrow klass range: 0x100000000

GC Precious Log:
 CPUs: 8 total, 8 available
 Memory: 24336M
 Large Page Support: Disabled
 NUMA Support: Disabled
 Compressed Oops: Enabled (Zero based)
 Heap Region Size: 4M
 Heap Min Capacity: 8M
 Heap Initial Capacity: 384M
 Heap Max Capacity: 6088M
 Pre-touch: Disabled
 Parallel Workers: 8
 Concurrent Workers: 2
 Concurrent Refinement Workers: 8
 Periodic GC: Disabled

Heap:
 garbage-first heap   total 393216K, used 12288K [0x0000000683800000, 0x0000000800000000)
  region size 4096K, 4 young (16384K), 0 survivors (0K)
 Metaspace       used 3228K, committed 3392K, reserved 1114112K
  class space    used 341K, committed 448K, reserved 1048576K

Heap Regions: E=young(eden), S=young(survivor), O=old, HS=humongous(starts), HC=humongous(continues), CS=collection set, F=free, OA=open archive, CA=closed archive, TAMS=top-at-mark-start (previous, next)
|   0|0x0000000683800000, 0x0000000683800000, 0x0000000683c00000|  0%| F|  |TAMS 0x0000000683800000, 0x0000000683800000| Untracked 
|   1|0x0000000683c00000, 0x0000000683c00000, 0x0000000684000000|  0%| F|  |TAMS 0x0000000683c00000, 0x0000000683c00000| Untracked 
|   2|0x0000000684000000, 0x0000000684000000, 0x0000000684400000|  0%| F|  |TAMS 0x0000000684000000, 0x0000000684000000| Untracked 
|   3|0x0000000684400000, 0x0000000684400000, 0x0000000684800000|  0%| F|  |TAMS 0x0000000684400000, 0x0000000684400000| Untracked 
|   4|0x0000000684800000, 0x0000000684800000, 0x0000000684c00000|  0%| F|  |TAMS 0x0000000684800000, 0x0000000684800000| Untracked 
|   5|0x0000000684c00000, 0x0000000684c00000, 0x0000000685000000|  0%| F|  |TAMS 0x0000000684c00000, 0x0000000684c00000| Untracked 
|   6|0x0000000685000000, 0x0000000685000000, 0x0000000685400000|  0%| F|  |TAMS 0x0000000685000000, 0x0000000685000000| Untracked 
|   7|0x0000000685400000, 0x0000000685400000, 0x0000000685800000|  0%| F|  |TAMS 0x0000000685400000, 0x0000000685400000| Untracked 
|   8|0x0000000685800000, 0x0000000685800000, 0x0000000685c00000|  0%| F|  |TAMS 0x0000000685800000, 0x0000000685800000| Untracked 
|   9|0x0000000685c00000, 0x0000000685c00000, 0x0000000686000000|  0%| F|  |TAMS 0x0000000685c00000, 0x0000000685c00000| Untracked 
|  10|0x0000000686000000, 0x0000000686000000, 0x0000000686400000|  0%| F|  |TAMS 0x0000000686000000, 0x0000000686000000| Untracked 
|  11|0x0000000686400000, 0x0000000686400000, 0x0000000686800000|  0%| F|  |TAMS 0x0000000686400000, 0x0000000686400000| Untracked 
|  12|0x0000000686800000, 0x0000000686800000, 0x0000000686c00000|  0%| F|  |TAMS 0x0000000686800000, 0x0000000686800000| Untracked 
|  13|0x0000000686c00000, 0x0000000686c00000, 0x0000000687000000|  0%| F|  |TAMS 0x0000000686c00000, 0x0000000686c00000| Untracked 
|  14|0x0000000687000000, 0x0000000687000000, 0x0000000687400000|  0%| F|  |TAMS 0x0000000687000000, 0x0000000687000000| Untracked 
|  15|0x0000000687400000, 0x0000000687400000, 0x0000000687800000|  0%| F|  |TAMS 0x0000000687400000, 0x0000000687400000| Untracked 
|  16|0x0000000687800000, 0x0000000687800000, 0x0000000687c00000|  0%| F|  |TAMS 0x0000000687800000, 0x0000000687800000| Untracked 
|  17|0x0000000687c00000, 0x0000000687c00000, 0x0000000688000000|  0%| F|  |TAMS 0x0000000687c00000, 0x0000000687c00000| Untracked 
|  18|0x0000000688000000, 0x0000000688000000, 0x0000000688400000|  0%| F|  |TAMS 0x0000000688000000, 0x0000000688000000| Untracked 
|  19|0x0000000688400000, 0x0000000688400000, 0x0000000688800000|  0%| F|  |TAMS 0x0000000688400000, 0x0000000688400000| Untracked 
|  20|0x0000000688800000, 0x0000000688800000, 0x0000000688c00000|  0%| F|  |TAMS 0x0000000688800000, 0x0000000688800000| Untracked 
|  21|0x0000000688c00000, 0x0000000688c00000, 0x0000000689000000|  0%| F|  |TAMS 0x0000000688c00000, 0x0000000688c00000| Untracked 
|  22|0x0000000689000000, 0x0000000689000000, 0x0000000689400000|  0%| F|  |TAMS 0x0000000689000000, 0x0000000689000000| Untracked 
|  23|0x0000000689400000, 0x0000000689400000, 0x0000000689800000|  0%| F|  |TAMS 0x0000000689400000, 0x0000000689400000| Untracked 
|  24|0x0000000689800000, 0x0000000689800000, 0x0000000689c00000|  0%| F|  |TAMS 0x0000000689800000, 0x0000000689800000| Untracked 
|  25|0x0000000689c00000, 0x0000000689c00000, 0x000000068a000000|  0%| F|  |TAMS 0x0000000689c00000, 0x0000000689c00000| Untracked 
|  26|0x000000068a000000, 0x000000068a000000, 0x000000068a400000|  0%| F|  |TAMS 0x000000068a000000, 0x000000068a000000| Untracked 
|  27|0x000000068a400000, 0x000000068a400000, 0x000000068a800000|  0%| F|  |TAMS 0x000000068a400000, 0x000000068a400000| Untracked 
|  28|0x000000068a800000, 0x000000068a800000, 0x000000068ac00000|  0%| F|  |TAMS 0x000000068a800000, 0x000000068a800000| Untracked 
|  29|0x000000068ac00000, 0x000000068ac00000, 0x000000068b000000|  0%| F|  |TAMS 0x000000068ac00000, 0x000000068ac00000| Untracked 
|  30|0x000000068b000000, 0x000000068b000000, 0x000000068b400000|  0%| F|  |TAMS 0x000000068b000000, 0x000000068b000000| Untracked 
|  31|0x000000068b400000, 0x000000068b400000, 0x000000068b800000|  0%| F|  |TAMS 0x000000068b400000, 0x000000068b400000| Untracked 
|  32|0x000000068b800000, 0x000000068b800000, 0x000000068bc00000|  0%| F|  |TAMS 0x000000068b800000, 0x000000068b800000| Untracked 
|  33|0x000000068bc00000, 0x000000068bc00000, 0x000000068c000000|  0%| F|  |TAMS 0x000000068bc00000, 0x000000068bc00000| Untracked 
|  34|0x000000068c000000, 0x000000068c000000, 0x000000068c400000|  0%| F|  |TAMS 0x000000068c000000, 0x000000068c000000| Untracked 
|  35|0x000000068c400000, 0x000000068c400000, 0x000000068c800000|  0%| F|  |TAMS 0x000000068c400000, 0x000000068c400000| Untracked 
|  36|0x000000068c800000, 0x000000068c800000, 0x000000068cc00000|  0%| F|  |TAMS 0x000000068c800000, 0x000000068c800000| Untracked 
|  37|0x000000068cc00000, 0x000000068cc00000, 0x000000068d000000|  0%| F|  |TAMS 0x000000068cc00000, 0x000000068cc00000| Untracked 
|  38|0x000000068d000000, 0x000000068d000000, 0x000000068d400000|  0%| F|  |TAMS 0x000000068d000000, 0x000000068d000000| Untracked 
|  39|0x000000068d400000, 0x000000068d400000, 0x000000068d800000|  0%| F|  |TAMS 0x000000068d400000, 0x000000068d400000| Untracked 
|  40|0x000000068d800000, 0x000000068d800000, 0x000000068dc00000|  0%| F|  |TAMS 0x000000068d800000, 0x000000068d800000| Untracked 
|  41|0x000000068dc00000, 0x000000068dc00000, 0x000000068e000000|  0%| F|  |TAMS 0x000000068dc00000, 0x000000068dc00000| Untracked 
|  42|0x000000068e000000, 0x000000068e000000, 0x000000068e400000|  0%| F|  |TAMS 0x000000068e000000, 0x000000068e000000| Untracked 
|  43|0x000000068e400000, 0x000000068e400000, 0x000000068e800000|  0%| F|  |TAMS 0x000000068e400000, 0x000000068e400000| Untracked 
|  44|0x000000068e800000, 0x000000068e800000, 0x000000068ec00000|  0%| F|  |TAMS 0x000000068e800000, 0x000000068e800000| Untracked 
|  45|0x000000068ec00000, 0x000000068ec00000, 0x000000068f000000|  0%| F|  |TAMS 0x000000068ec00000, 0x000000068ec00000| Untracked 
|  46|0x000000068f000000, 0x000000068f000000, 0x000000068f400000|  0%| F|  |TAMS 0x000000068f000000, 0x000000068f000000| Untracked 
|  47|0x000000068f400000, 0x000000068f400000, 0x000000068f800000|  0%| F|  |TAMS 0x000000068f400000, 0x000000068f400000| Untracked 
|  48|0x000000068f800000, 0x000000068f800000, 0x000000068fc00000|  0%| F|  |TAMS 0x000000068f800000, 0x000000068f800000| Untracked 
|  49|0x000000068fc00000, 0x000000068fc00000, 0x0000000690000000|  0%| F|  |TAMS 0x000000068fc00000, 0x000000068fc00000| Untracked 
|  50|0x0000000690000000, 0x0000000690000000, 0x0000000690400000|  0%| F|  |TAMS 0x0000000690000000, 0x0000000690000000| Untracked 
|  51|0x0000000690400000, 0x0000000690400000, 0x0000000690800000|  0%| F|  |TAMS 0x0000000690400000, 0x0000000690400000| Untracked 
|  52|0x0000000690800000, 0x0000000690800000, 0x0000000690c00000|  0%| F|  |TAMS 0x0000000690800000, 0x0000000690800000| Untracked 
|  53|0x0000000690c00000, 0x0000000690c00000, 0x0000000691000000|  0%| F|  |TAMS 0x0000000690c00000, 0x0000000690c00000| Untracked 
|  54|0x0000000691000000, 0x0000000691000000, 0x0000000691400000|  0%| F|  |TAMS 0x0000000691000000, 0x0000000691000000| Untracked 
|  55|0x0000000691400000, 0x0000000691400000, 0x0000000691800000|  0%| F|  |TAMS 0x0000000691400000, 0x0000000691400000| Untracked 
|  56|0x0000000691800000, 0x0000000691800000, 0x0000000691c00000|  0%| F|  |TAMS 0x0000000691800000, 0x0000000691800000| Untracked 
|  57|0x0000000691c00000, 0x0000000691c00000, 0x0000000692000000|  0%| F|  |TAMS 0x0000000691c00000, 0x0000000691c00000| Untracked 
|  58|0x0000000692000000, 0x0000000692000000, 0x0000000692400000|  0%| F|  |TAMS 0x0000000692000000, 0x0000000692000000| Untracked 
|  59|0x0000000692400000, 0x0000000692400000, 0x0000000692800000|  0%| F|  |TAMS 0x0000000692400000, 0x0000000692400000| Untracked 
|  60|0x0000000692800000, 0x0000000692800000, 0x0000000692c00000|  0%| F|  |TAMS 0x0000000692800000, 0x0000000692800000| Untracked 
|  61|0x0000000692c00000, 0x0000000692c00000, 0x0000000693000000|  0%| F|  |TAMS 0x0000000692c00000, 0x0000000692c00000| Untracked 
|  62|0x0000000693000000, 0x0000000693000000, 0x0000000693400000|  0%| F|  |TAMS 0x0000000693000000, 0x0000000693000000| Untracked 
|  63|0x0000000693400000, 0x0000000693400000, 0x0000000693800000|  0%| F|  |TAMS 0x0000000693400000, 0x0000000693400000| Untracked 
|  64|0x0000000693800000, 0x0000000693800000, 0x0000000693c00000|  0%| F|  |TAMS 0x0000000693800000, 0x0000000693800000| Untracked 
|  65|0x0000000693c00000, 0x0000000693c00000, 0x0000000694000000|  0%| F|  |TAMS 0x0000000693c00000, 0x0000000693c00000| Untracked 
|  66|0x0000000694000000, 0x0000000694000000, 0x0000000694400000|  0%| F|  |TAMS 0x0000000694000000, 0x0000000694000000| Untracked 
|  67|0x0000000694400000, 0x0000000694400000, 0x0000000694800000|  0%| F|  |TAMS 0x0000000694400000, 0x0000000694400000| Untracked 
|  68|0x0000000694800000, 0x0000000694800000, 0x0000000694c00000|  0%| F|  |TAMS 0x0000000694800000, 0x0000000694800000| Untracked 
|  69|0x0000000694c00000, 0x0000000694c00000, 0x0000000695000000|  0%| F|  |TAMS 0x0000000694c00000, 0x0000000694c00000| Untracked 
|  70|0x0000000695000000, 0x0000000695000000, 0x0000000695400000|  0%| F|  |TAMS 0x0000000695000000, 0x0000000695000000| Untracked 
|  71|0x0000000695400000, 0x0000000695400000, 0x0000000695800000|  0%| F|  |TAMS 0x0000000695400000, 0x0000000695400000| Untracked 
|  72|0x0000000695800000, 0x0000000695800000, 0x0000000695c00000|  0%| F|  |TAMS 0x0000000695800000, 0x0000000695800000| Untracked 
|  73|0x0000000695c00000, 0x0000000695c00000, 0x0000000696000000|  0%| F|  |TAMS 0x0000000695c00000, 0x0000000695c00000| Untracked 
|  74|0x0000000696000000, 0x0000000696000000, 0x0000000696400000|  0%| F|  |TAMS 0x0000000696000000, 0x0000000696000000| Untracked 
|  75|0x0000000696400000, 0x0000000696400000, 0x0000000696800000|  0%| F|  |TAMS 0x0000000696400000, 0x0000000696400000| Untracked 
|  76|0x0000000696800000, 0x0000000696800000, 0x0000000696c00000|  0%| F|  |TAMS 0x0000000696800000, 0x0000000696800000| Untracked 
|  77|0x0000000696c00000, 0x0000000696c00000, 0x0000000697000000|  0%| F|  |TAMS 0x0000000696c00000, 0x0000000696c00000| Untracked 
|  78|0x0000000697000000, 0x0000000697000000, 0x0000000697400000|  0%| F|  |TAMS 0x0000000697000000, 0x0000000697000000| Untracked 
|  79|0x0000000697400000, 0x0000000697400000, 0x0000000697800000|  0%| F|  |TAMS 0x0000000697400000, 0x0000000697400000| Untracked 
|  80|0x0000000697800000, 0x0000000697800000, 0x0000000697c00000|  0%| F|  |TAMS 0x0000000697800000, 0x0000000697800000| Untracked 
|  81|0x0000000697c00000, 0x0000000697c00000, 0x0000000698000000|  0%| F|  |TAMS 0x0000000697c00000, 0x0000000697c00000| Untracked 
|  82|0x0000000698000000, 0x0000000698000000, 0x0000000698400000|  0%| F|  |TAMS 0x0000000698000000, 0x0000000698000000| Untracked 
|  83|0x0000000698400000, 0x0000000698400000, 0x0000000698800000|  0%| F|  |TAMS 0x0000000698400000, 0x0000000698400000| Untracked 
|  84|0x0000000698800000, 0x0000000698800000, 0x0000000698c00000|  0%| F|  |TAMS 0x0000000698800000, 0x0000000698800000| Untracked 
|  85|0x0000000698c00000, 0x0000000698c00000, 0x0000000699000000|  0%| F|  |TAMS 0x0000000698c00000, 0x0000000698c00000| Untracked 
|  86|0x0000000699000000, 0x0000000699000000, 0x0000000699400000|  0%| F|  |TAMS 0x0000000699000000, 0x0000000699000000| Untracked 
|  87|0x0000000699400000, 0x0000000699400000, 0x0000000699800000|  0%| F|  |TAMS 0x0000000699400000, 0x0000000699400000| Untracked 
|  88|0x0000000699800000, 0x0000000699800000, 0x0000000699c00000|  0%| F|  |TAMS 0x0000000699800000, 0x0000000699800000| Untracked 
|  89|0x0000000699c00000, 0x0000000699c00000, 0x000000069a000000|  0%| F|  |TAMS 0x0000000699c00000, 0x0000000699c00000| Untracked 
|  90|0x000000069a000000, 0x000000069a000000, 0x000000069a400000|  0%| F|  |TAMS 0x000000069a000000, 0x000000069a000000| Untracked 
|  91|0x000000069a400000, 0x000000069a400000, 0x000000069a800000|  0%| F|  |TAMS 0x000000069a400000, 0x000000069a400000| Untracked 
|  92|0x000000069a800000, 0x000000069a8cd510, 0x000000069ac00000| 20%| E|  |TAMS 0x000000069a800000, 0x000000069a800000| Complete 
|  93|0x000000069ac00000, 0x000000069b000000, 0x000000069b000000|100%| E|CS|TAMS 0x000000069ac00000, 0x000000069ac00000| Complete 
|  94|0x000000069b000000, 0x000000069b400000, 0x000000069b400000|100%| E|CS|TAMS 0x000000069b000000, 0x000000069b000000| Complete 
|  95|0x000000069b400000, 0x000000069b800000, 0x000000069b800000|100%| E|CS|TAMS 0x000000069b400000, 0x000000069b400000| Complete 

Card table byte_map: [0x00000210ec4e0000,0x00000210ed0d0000] _byte_map_base: 0x00000210e90c4000

Marking Bits (Prev, Next): (CMBitMap*) 0x00000210d4da32e0, (CMBitMap*) 0x00000210d4da3320
 Prev Bits: [0x00000210edcc0000, 0x00000210f3be0000)
 Next Bits: [0x00000210f3be0000, 0x00000210f9b00000)

Polling page: 0x00000210d2a40000

Metaspace:

Usage:
  Non-class:      2.82 MB used.
      Class:    341.96 KB used.
       Both:      3.15 MB used.

Virtual space:
  Non-class space:       64.00 MB reserved,       2.88 MB (  4%) committed,  1 nodes.
      Class space:        1.00 GB reserved,     448.00 KB ( <1%) committed,  1 nodes.
             Both:        1.06 GB reserved,       3.31 MB ( <1%) committed. 

Chunk freelists:
   Non-Class:  10.52 MB
       Class:  15.53 MB
        Both:  26.05 MB

MaxMetaspaceSize: unlimited
CompressedClassSpaceSize: 1.00 GB
Initial GC threshold: 21.00 MB
Current GC threshold: 21.00 MB
CDS: on
MetaspaceReclaimPolicy: balanced
 - commit_granule_bytes: 65536.
 - commit_granule_words: 8192.
 - virtual_space_node_default_size: 8388608.
 - enlarge_chunks_in_place: 1.
 - new_chunks_are_fully_committed: 0.
 - uncommit_free_chunks: 1.
 - use_allocation_guard: 0.
 - handle_deallocations: 1.


Internal statistics:

num_allocs_failed_limit: 0.
num_arena_births: 22.
num_arena_deaths: 0.
num_vsnodes_births: 2.
num_vsnodes_deaths: 0.
num_space_committed: 53.
num_space_uncommitted: 0.
num_chunks_returned_to_freelist: 0.
num_chunks_taken_from_freelist: 111.
num_chunk_merges: 0.
num_chunk_splits: 69.
num_chunks_enlarged: 56.
num_inconsistent_stats: 0.

CodeHeap 'non-profiled nmethods': size=120000Kb used=227Kb max_used=227Kb free=119772Kb
 bounds [0x00000210e4090000, 0x00000210e4300000, 0x00000210eb5c0000]
CodeHeap 'profiled nmethods': size=120000Kb used=1466Kb max_used=1466Kb free=118534Kb
 bounds [0x00000210dc5c0000, 0x00000210dc830000, 0x00000210e3af0000]
CodeHeap 'non-nmethods': size=5760Kb used=1136Kb max_used=1160Kb free=4623Kb
 bounds [0x00000210e3af0000, 0x00000210e3d60000, 0x00000210e4090000]
 total_blobs=1172 nmethods=751 adapters=334
 compilation: enabled
              stopped_count=0, restarted_count=0
 full_count=0

Compilation events (20 events):
Event: 0.735 Thread 0x00000210fc6db1b0  713   !   3       java.util.zip.ZipFile$CleanableResource::getInflater (47 bytes)
Event: 0.735 Thread 0x00000210fc6db1b0 nmethod 713 0x00000210dc716890 code [0x00000210dc716a60, 0x00000210dc716f78]
Event: 0.735 Thread 0x00000210fc6db1b0  714       3       java.util.ArrayDeque::poll (5 bytes)
Event: 0.735 Thread 0x00000210fccf7cc0  719   !   4       java.util.concurrent.ConcurrentHashMap::putVal (432 bytes)
Event: 0.735 Thread 0x00000210fc6db1b0 nmethod 714 0x00000210dc717110 code [0x00000210dc7172c0, 0x00000210dc717408]
Event: 0.735 Thread 0x00000210fc6db1b0  715       3       java.util.zip.ZipFile$ZipFileInflaterInputStream::fill (80 bytes)
Event: 0.735 Thread 0x00000210fc6db1b0 nmethod 715 0x00000210dc717490 code [0x00000210dc717660, 0x00000210dc717a68]
Event: 0.735 Thread 0x00000210fc6db1b0  716   !   3       java.util.zip.ZipFile$ZipFileInputStream::read (135 bytes)
Event: 0.736 Thread 0x00000210fc6db1b0 nmethod 716 0x00000210dc717c10 code [0x00000210dc717e20, 0x00000210dc7184b8]
Event: 0.736 Thread 0x00000210fc6db1b0  717       3       java.util.zip.ZipFile::ensureOpenOrZipException (19 bytes)
Event: 0.736 Thread 0x00000210fc6db1b0 nmethod 717 0x00000210dc718810 code [0x00000210dc7189c0, 0x00000210dc718b88]
Event: 0.736 Thread 0x00000210fc6db1b0  718   !   3       java.util.zip.Inflater::setInput (69 bytes)
Event: 0.737 Thread 0x00000210fc6db1b0 nmethod 718 0x00000210dc718c90 code [0x00000210dc718e60, 0x00000210dc719288]
Event: 0.737 Thread 0x00000210fc6db1b0  720       3       java.util.zip.InflaterInputStream::close (34 bytes)
Event: 0.737 Thread 0x00000210fc6db1b0 nmethod 720 0x00000210dc719410 code [0x00000210dc7195c0, 0x00000210dc719878]
Event: 0.737 Thread 0x00000210fc6db1b0  721       3       java.util.zip.ZipFile$InflaterCleanupAction::run (12 bytes)
Event: 0.737 Thread 0x00000210fc6db1b0 nmethod 721 0x00000210dc719990 code [0x00000210dc719b40, 0x00000210dc719ca8]
Event: 0.738 Thread 0x00000210fc6db1b0  722       3       java.util.zip.InflaterInputStream::<init> (79 bytes)
Event: 0.739 Thread 0x00000210fc6db1b0 nmethod 722 0x00000210dc719d90 code [0x00000210dc719f80, 0x00000210dc71a7d8]
Event: 0.739 Thread 0x00000210fc6db1b0  723       3       java.lang.ClassLoader::definePackage (85 bytes)

GC Heap History (0 events):
No events

Deoptimization events (14 events):
Event: 0.341 Thread 0x00000210d297bf80 Uncommon trap: trap_request=0xffffff45 fr.pc=0x00000210e409f9e4 relative=0x0000000000000064
Event: 0.341 Thread 0x00000210d297bf80 Uncommon trap: reason=unstable_if action=reinterpret pc=0x00000210e409f9e4 method=java.io.WinNTFileSystem.isSlash(C)Z @ 9 c2
Event: 0.341 Thread 0x00000210d297bf80 DEOPT PACKING pc=0x00000210e409f9e4 sp=0x00000074addfe720
Event: 0.341 Thread 0x00000210d297bf80 DEOPT UNPACKING pc=0x00000210e3b423a3 sp=0x00000074addfe6a8 mode 2
Event: 0.544 Thread 0x00000210d297bf80 DEOPT PACKING pc=0x00000210dc60bfe5 sp=0x00000074addf8420
Event: 0.544 Thread 0x00000210d297bf80 DEOPT UNPACKING pc=0x00000210e3b42b43 sp=0x00000074addf7870 mode 0
Event: 0.616 Thread 0x00000210d297bf80 Uncommon trap: trap_request=0xffffff45 fr.pc=0x00000210e409a708 relative=0x0000000000000468
Event: 0.616 Thread 0x00000210d297bf80 Uncommon trap: reason=unstable_if action=reinterpret pc=0x00000210e409a708 method=java.lang.StringLatin1.canEncode(I)Z @ 4 c2
Event: 0.616 Thread 0x00000210d297bf80 DEOPT PACKING pc=0x00000210e409a708 sp=0x00000074addfdfd0
Event: 0.616 Thread 0x00000210d297bf80 DEOPT UNPACKING pc=0x00000210e3b423a3 sp=0x00000074addfdef8 mode 2
Event: 0.616 Thread 0x00000210d297bf80 Uncommon trap: trap_request=0xffffff45 fr.pc=0x00000210e409e95c relative=0x000000000000005c
Event: 0.616 Thread 0x00000210d297bf80 Uncommon trap: reason=unstable_if action=reinterpret pc=0x00000210e409e95c method=java.lang.AbstractStringBuilder.isLatin1()Z @ 10 c2
Event: 0.616 Thread 0x00000210d297bf80 DEOPT PACKING pc=0x00000210e409e95c sp=0x00000074addfdfa0
Event: 0.616 Thread 0x00000210d297bf80 DEOPT UNPACKING pc=0x00000210e3b423a3 sp=0x00000074addfdf30 mode 2

Classes unloaded (0 events):
No events

Classes redefined (0 events):
No events

Internal exceptions (13 events):
Event: 0.178 Thread 0x00000210d297bf80 Exception <a 'java/lang/NoSuchMethodError'{0x000000069b5e6300}: 'int java.lang.invoke.DirectMethodHandle$Holder.invokeSpecial(java.lang.Object, java.lang.Object, java.lang.Object)'> (0x000000069b5e6300) 
thrown [s\open\src\hotspot\share\interpreter\linkResolver.cpp, line 759]
Event: 0.358 Thread 0x00000210d297bf80 Exception <a 'java/lang/NullPointerException'{0x000000069b04b528}> (0x000000069b04b528) 
thrown [s\open\src\hotspot\share\interpreter\linkResolver.cpp, line 1350]
Event: 0.410 Thread 0x00000210d297bf80 Exception <a 'java/lang/NullPointerException'{0x000000069b084520}> (0x000000069b084520) 
thrown [s\open\src\hotspot\share\interpreter\linkResolver.cpp, line 1350]
Event: 0.410 Thread 0x00000210d297bf80 Exception <a 'java/lang/NullPointerException'{0x000000069b0847f8}> (0x000000069b0847f8) 
thrown [s\open\src\hotspot\share\interpreter\linkResolver.cpp, line 1350]
Event: 0.410 Thread 0x00000210d297bf80 Exception <a 'java/lang/NullPointerException'{0x000000069b084ad0}> (0x000000069b084ad0) 
thrown [s\open\src\hotspot\share\interpreter\linkResolver.cpp, line 1350]
Event: 0.411 Thread 0x00000210d297bf80 Exception <a 'java/lang/NullPointerException'{0x000000069b08a310}> (0x000000069b08a310) 
thrown [s\open\src\hotspot\share\interpreter\linkResolver.cpp, line 1350]
Event: 0.413 Thread 0x00000210d297bf80 Exception <a 'java/lang/NullPointerException'{0x000000069b09fc18}> (0x000000069b09fc18) 
thrown [s\open\src\hotspot\share\interpreter\linkResolver.cpp, line 1350]
Event: 0.413 Thread 0x00000210d297bf80 Exception <a 'java/lang/NullPointerException'{0x000000069b09fef0}> (0x000000069b09fef0) 
thrown [s\open\src\hotspot\share\interpreter\linkResolver.cpp, line 1350]
Event: 0.413 Thread 0x00000210d297bf80 Exception <a 'java/lang/NullPointerException'{0x000000069b0a01c8}> (0x000000069b0a01c8) 
thrown [s\open\src\hotspot\share\interpreter\linkResolver.cpp, line 1350]
Event: 0.413 Thread 0x00000210d297bf80 Exception <a 'java/lang/NullPointerException'{0x000000069b0a04a0}> (0x000000069b0a04a0) 
thrown [s\open\src\hotspot\share\interpreter\linkResolver.cpp, line 1350]
Event: 0.445 Thread 0x00000210d297bf80 Exception <a 'java/lang/NoSuchMethodError'{0x000000069b144f80}: 'void java.lang.invoke.DirectMethodHandle$Holder.invokeStatic(java.lang.Object, java.lang.Object, java.lang.Object)'> (0x000000069b144f80) 
thrown [s\open\src\hotspot\share\interpreter\linkResolver.cpp, line 759]
Event: 0.458 Thread 0x00000210d297bf80 Exception <a 'java/lang/NoSuchMethodError'{0x000000069b1a0cc8}: 'int java.lang.invoke.DirectMethodHandle$Holder.invokeStatic(java.lang.Object, java.lang.Object, int)'> (0x000000069b1a0cc8) 
thrown [s\open\src\hotspot\share\interpreter\linkResolver.cpp, line 759]
Event: 0.539 Thread 0x00000210d297bf80 Exception <a 'java/lang/NoSuchMethodError'{0x000000069b312090}: 'java.lang.Object java.lang.invoke.DirectMethodHandle$Holder.invokeSpecialIFC(java.lang.Object, java.lang.Object, java.lang.Object, java.lang.Object)'> (0x000000069b312090) 
thrown [s\open\src\hotspot\share\interpreter\linkResolver.cpp, line 759]

VM Operations (8 events):
Event: 0.133 Executing VM operation: HandshakeAllThreads
Event: 0.133 Executing VM operation: HandshakeAllThreads done
Event: 0.357 Executing VM operation: HandshakeAllThreads
Event: 0.357 Executing VM operation: HandshakeAllThreads done
Event: 0.364 Executing VM operation: HandshakeAllThreads
Event: 0.364 Executing VM operation: HandshakeAllThreads done
Event: 0.563 Executing VM operation: HandshakeAllThreads
Event: 0.563 Executing VM operation: HandshakeAllThreads done

Events (20 events):
Event: 0.585 loading class jdk/internal/module/ModulePatcher$PatchedModuleReader done
Event: 0.585 loading class sun/net/www/protocol/jrt/Handler
Event: 0.585 loading class sun/net/www/protocol/jrt/Handler done
Event: 0.615 loading class sun/text/resources/cldr/FormatData_en
Event: 0.615 loading class sun/text/resources/cldr/FormatData_en done
Event: 0.615 loading class sun/text/resources/cldr/FormatData_en_US
Event: 0.615 loading class sun/text/resources/cldr/FormatData_en_US done
Event: 0.660 loading class java/lang/ArrayIndexOutOfBoundsException
Event: 0.660 loading class java/lang/ArrayIndexOutOfBoundsException done
Event: 0.670 loading class java/io/FilterReader
Event: 0.670 loading class java/io/FilterReader done
Event: 0.677 Thread 0x00000210fccf7cc0 Thread added: 0x00000210fccf7cc0
Event: 0.703 loading class java/util/concurrent/TimeUnit$1
Event: 0.703 loading class java/util/concurrent/TimeUnit$1 done
Event: 0.719 loading class java/io/InvalidObjectException
Event: 0.719 loading class java/io/ObjectStreamException
Event: 0.719 loading class java/io/ObjectStreamException done
Event: 0.719 loading class java/io/InvalidObjectException done
Event: 0.735 loading class java/util/NoSuchElementException
Event: 0.735 loading class java/util/NoSuchElementException done


Dynamic libraries:
0x00007ff6d5c20000 - 0x00007ff6d5c30000 	C:\Program Files\Java\jdk-17\bin\java.exe
0x00007fffce8b0000 - 0x00007fffceac6000 	C:\Windows\SYSTEM32\ntdll.dll
0x00007fffccb50000 - 0x00007fffccc14000 	C:\Windows\System32\KERNEL32.DLL
0x00007fffcbde0000 - 0x00007fffcc186000 	C:\Windows\System32\KERNELBASE.dll
0x00007fffcb840000 - 0x00007fffcb960000 	C:\Windows\system32\hmpalert.dll
0x00007fffcc3c0000 - 0x00007fffcc4d1000 	C:\Windows\System32\ucrtbase.dll
0x00007fffb87a0000 - 0x00007fffb87bb000 	C:\Program Files\Java\jdk-17\bin\VCRUNTIME140.dll
0x00007fffb7ff0000 - 0x00007fffb8009000 	C:\Program Files\Java\jdk-17\bin\jli.dll
0x00007fffcc600000 - 0x00007fffcc6b2000 	C:\Windows\System32\ADVAPI32.dll
0x00007fffce7c0000 - 0x00007fffce867000 	C:\Windows\System32\msvcrt.dll
0x00007fffccaa0000 - 0x00007fffccb48000 	C:\Windows\System32\sechost.dll
0x00007fffcc230000 - 0x00007fffcc258000 	C:\Windows\System32\bcrypt.dll
0x00007fffce440000 - 0x00007fffce555000 	C:\Windows\System32\RPCRT4.dll
0x00007fffce100000 - 0x00007fffce2ad000 	C:\Windows\System32\USER32.dll
0x00007fffcc190000 - 0x00007fffcc1b6000 	C:\Windows\System32\win32u.dll
0x00007fffb58c0000 - 0x00007fffb5b53000 	C:\Windows\WinSxS\amd64_microsoft.windows.common-controls_6595b64144ccf1df_6.0.22621.3235_none_270f74e173860f98\COMCTL32.dll
0x00007fffce5e0000 - 0x00007fffce609000 	C:\Windows\System32\GDI32.dll
0x00007fffcc4e0000 - 0x00007fffcc5f8000 	C:\Windows\System32\gdi32full.dll
0x00007fffcc320000 - 0x00007fffcc3ba000 	C:\Windows\System32\msvcp_win.dll
0x00007fffc4470000 - 0x00007fffc447a000 	C:\Windows\SYSTEM32\VERSION.dll
0x00007fffce350000 - 0x00007fffce381000 	C:\Windows\System32\IMM32.DLL
0x00007fffc8dc0000 - 0x00007fffc8dcc000 	C:\Program Files\Java\jdk-17\bin\vcruntime140_1.dll
0x00007fffb78d0000 - 0x00007fffb795e000 	C:\Program Files\Java\jdk-17\bin\msvcp140.dll
0x00007fff74340000 - 0x00007fff74f1f000 	C:\Program Files\Java\jdk-17\bin\server\jvm.dll
0x00007fffcca90000 - 0x00007fffcca98000 	C:\Windows\System32\PSAPI.DLL
0x00007fffc23c0000 - 0x00007fffc23f4000 	C:\Windows\SYSTEM32\WINMM.dll
0x00007fffb8750000 - 0x00007fffb8759000 	C:\Windows\SYSTEM32\WSOCK32.dll
0x00007fffccd80000 - 0x00007fffccdf1000 	C:\Windows\System32\WS2_32.dll
0x00007fffcaad0000 - 0x00007fffcaae8000 	C:\Windows\SYSTEM32\kernel.appcore.dll
0x00007fffc8d50000 - 0x00007fffc8d5a000 	C:\Program Files\Java\jdk-17\bin\jimage.dll
0x00007fffc14c0000 - 0x00007fffc16f3000 	C:\Windows\SYSTEM32\DBGHELP.DLL
0x00007fffcdd70000 - 0x00007fffce0f8000 	C:\Windows\System32\combase.dll
0x00007fffcdc90000 - 0x00007fffcdd67000 	C:\Windows\System32\OLEAUT32.dll
0x00007fffb8d60000 - 0x00007fffb8d92000 	C:\Windows\SYSTEM32\dbgcore.DLL
0x00007fffcbd60000 - 0x00007fffcbdda000 	C:\Windows\System32\bcryptPrimitives.dll
0x00007fffb79d0000 - 0x00007fffb79f5000 	C:\Program Files\Java\jdk-17\bin\java.dll
0x00007fffb70a0000 - 0x00007fffb7177000 	C:\Program Files\Java\jdk-17\bin\jsvml.dll
0x00007fffcce00000 - 0x00007fffcd65d000 	C:\Windows\System32\SHELL32.dll
0x00007fffc99e0000 - 0x00007fffca2d8000 	C:\Windows\SYSTEM32\windows.storage.dll
0x00007fffc98a0000 - 0x00007fffc99de000 	C:\Windows\SYSTEM32\wintypes.dll
0x00007fffcdb00000 - 0x00007fffcdbf3000 	C:\Windows\System32\SHCORE.dll
0x00007fffce660000 - 0x00007fffce6be000 	C:\Windows\System32\shlwapi.dll
0x00007fffcbb20000 - 0x00007fffcbb46000 	C:\Windows\SYSTEM32\profapi.dll
0x00007fffb79b0000 - 0x00007fffb79c9000 	C:\Program Files\Java\jdk-17\bin\net.dll
0x00007fffc5900000 - 0x00007fffc5a37000 	C:\Windows\SYSTEM32\WINHTTP.dll
0x00007fffcaf40000 - 0x00007fffcafa9000 	C:\Windows\system32\mswsock.dll
0x00007fffb7990000 - 0x00007fffb79a6000 	C:\Program Files\Java\jdk-17\bin\nio.dll
0x00007fffb78b0000 - 0x00007fffb78c8000 	C:\Program Files\Java\jdk-17\bin\zip.dll
0x0000000069ac0000 - 0x0000000069ae4000 	C:\Program Files\Java\apache-maven-3.9.6\lib\jansi-native\Windows\x86_64\jansi.dll
0x00007fffc8d10000 - 0x00007fffc8d20000 	C:\Program Files\Java\jdk-17\bin\verify.dll

dbghelp: loaded successfully - version: 4.0.5 - missing functions: none
symbol engine: initialized successfully - sym options: 0x614 - pdb path: .;C:\Program Files\Java\jdk-17\bin;C:\Windows\SYSTEM32;C:\Windows\WinSxS\amd64_microsoft.windows.common-controls_6595b64144ccf1df_6.0.22621.3235_none_270f74e173860f98;C:\Program Files\Java\jdk-17\bin\server;C:\Program Files\Java\apache-maven-3.9.6\lib\jansi-native\Windows\x86_64

VM Arguments:
jvm_args: -Dclassworlds.conf=C:\Program Files\Java\apache-maven-3.9.6\bin\m2.conf -Dmaven.home=C:\Program Files\Java\apache-maven-3.9.6 -Dlibrary.jansi.path=C:\Program Files\Java\apache-maven-3.9.6\lib\jansi-native -Dmaven.multiModuleProjectDirectory=C:\Users\dti Digital\Desktop\PontoInteligente\ponto-inteligente 
java_command: org.codehaus.plexus.classworlds.launcher.Launcher spring-boot:run
java_class_path (initial): C:\Program Files\Java\apache-maven-3.9.6\boot\plexus-classworlds-2.7.0.jar
Launcher Type: SUN_STANDARD

[Global flags]
     intx CICompilerCount                          = 4                                         {product} {ergonomic}
     uint ConcGCThreads                            = 2                                         {product} {ergonomic}
     uint G1ConcRefinementThreads                  = 8                                         {product} {ergonomic}
   size_t G1HeapRegionSize                         = 4194304                                   {product} {ergonomic}
    uintx GCDrainStackTargetSize                   = 64                                        {product} {ergonomic}
   size_t InitialHeapSize                          = 402653184                                 {product} {ergonomic}
   size_t MarkStackSize                            = 4194304                                   {product} {ergonomic}
   size_t MaxHeapSize                              = 6383730688                                {product} {ergonomic}
   size_t MaxNewSize                               = 3829399552                                {product} {ergonomic}
   size_t MinHeapDeltaBytes                        = 4194304                                   {product} {ergonomic}
   size_t MinHeapSize                              = 8388608                                   {product} {ergonomic}
    uintx NonNMethodCodeHeapSize                   = 5839372                                {pd product} {ergonomic}
    uintx NonProfiledCodeHeapSize                  = 122909434                              {pd product} {ergonomic}
    uintx ProfiledCodeHeapSize                     = 122909434                              {pd product} {ergonomic}
    uintx ReservedCodeCacheSize                    = 251658240                              {pd product} {ergonomic}
     bool SegmentedCodeCache                       = true                                      {product} {ergonomic}
   size_t SoftMaxHeapSize                          = 6383730688                             {manageable} {ergonomic}
     bool UseCompressedClassPointers               = true                           {product lp64_product} {ergonomic}
     bool UseCompressedOops                        = true                           {product lp64_product} {ergonomic}
     bool UseG1GC                                  = true                                      {product} {ergonomic}
     bool UseLargePagesIndividualAllocation        = false                                  {pd product} {ergonomic}

Logging:
Log output configuration:
 #0: stdout all=warning uptime,level,tags
 #1: stderr all=off uptime,level,tags

Environment Variables:
JAVA_HOME=C:\Program Files\Java\jdk-17
PATH=C:\Program Files\Java\jdk-17\bin;C:\Program Files\Java\jdk-17\bin;C:\Program Files\Common Files\Oracle\Java\javapath;C:\Program Files (x86)\Common Files\Oracle\Java\javapath;C:\Program Files\Java\jdk-17\bin\javaw.exe;C:\Windows\system32;C:\Windows;C:\Windows\System32\Wbem;C:\Windows\System32\WindowsPowerShell\v1.0\;C:\Windows\System32\OpenSSH\;C:\Program Files\dotnet\;C:\Program Files\Git\cmd;C:\Program Files\Java\apache-maven-3.9.6\bin;C:\PROGRA~1\Red Gate\Flyway Desktop\;C:\Program Files\MySQL\MySQL Shell 8.0\bin\;C:\Users\dti Digital\AppData\Local\Microsoft\WindowsApps;C:\Users\dti Digital\AppData\Local\Programs\Microsoft VS Code\bin;C:\Program Files\Java\jdk-1.8\bin;C:\Program Files\Java\apache-maven-3.9.6\bin;
USERNAME=dti Digital
LANG=en_US.UTF-8
OS=Windows_NT
PROCESSOR_IDENTIFIER=Intel64 Family 6 Model 142 Stepping 12, GenuineIntel



---------------  S Y S T E M  ---------------

OS:
 Windows 11 , 64 bit Build 22621 (10.0.22621.3235)
OS uptime: 4 days 3:06 hours
Hyper-V role detected

CPU: total 8 (initial active 8) (4 cores per cpu, 2 threads per core) family 6 model 142 stepping 12 microcode 0xf8, cx8, cmov, fxsr, ht, mmx, 3dnowpref, sse, sse2, sse3, ssse3, sse4.1, sse4.2, popcnt, lzcnt, tsc, tscinvbit, avx, avx2, aes, erms, clmul, bmi1, bmi2, adx, fma, vzeroupper, clflush, clflushopt, hv

Memory: 4k page, system-wide physical 24336M (477M free)
TotalPageFile size 54760M (AvailPageFile size 0M)
current process WorkingSet (physical memory assigned to process): 59M, peak: 59M
current process commit charge ("private bytes"): 489M, peak: 491M

vm_info: Java HotSpot(TM) 64-Bit Server VM (17.0.10+11-LTS-240) for windows-amd64 JRE (17.0.10+11-LTS-240), built on Dec 19 2023 21:47:25 by "mach5one" with MS VC++ 17.1 (VS2022)

END.
